-- Install configuration: ""
-- Up-to-date: /home/youssef/strawberry_ws/install/myrobot/share/myrobot/meshes
-- Up-to-date: /home/youssef/strawberry_ws/install/myrobot/share/myrobot/meshes/Link1.STL
-- Up-to-date: /home/youssef/strawberry_ws/install/myrobot/share/myrobot/meshes/Link3.STL:Zone.Identifier
-- Up-to-date: /home/youssef/strawberry_ws/install/myrobot/share/myrobot/meshes/Link3.STL
-- Up-to-date: /home/youssef/strawberry_ws/install/myrobot/share/myrobot/meshes/Link2.STL:Zone.Identifier
-- Up-to-date: /home/youssef/strawberry_ws/install/myrobot/share/myrobot/meshes/Link4.STL:Zone.Identifier
-- Up-to-date: /home/youssef/strawberry_ws/install/myrobot/share/myrobot/meshes/base_link.STL
-- Up-to-date: /home/youssef/strawberry_ws/install/myrobot/share/myrobot/meshes/Link5.STL
-- Up-to-date: /home/youssef/strawberry_ws/install/myrobot/share/myrobot/meshes/Link4.STL
-- Up-to-date: /home/youssef/strawberry_ws/install/myrobot/share/myrobot/meshes/Link6.STL:Zone.Identifier
-- Up-to-date: /home/youssef/strawberry_ws/install/myrobot/share/myrobot/meshes/Link2.STL
-- Up-to-date: /home/youssef/strawberry_ws/install/myrobot/share/myrobot/meshes/base_link.STL:Zone.Identifier
-- Up-to-date: /home/youssef/strawberry_ws/install/myrobot/share/myrobot/meshes/Link5.STL:Zone.Identifier
-- Up-to-date: /home/youssef/strawberry_ws/install/myrobot/share/myrobot/meshes/Link1.STL:Zone.Identifier
-- Up-to-date: /home/youssef/strawberry_ws/install/myrobot/share/myrobot/meshes/Link6.STL
-- Up-to-date: /home/youssef/strawberry_ws/install/myrobot/share/myrobot/urdf
-- Up-to-date: /home/youssef/strawberry_ws/install/myrobot/share/myrobot/urdf/Final_ISA_URDF.csv
-- Installing: /home/youssef/strawberry_ws/install/myrobot/share/myrobot/urdf/Final_ISA_URDF.urdf
-- Up-to-date: /home/youssef/strawberry_ws/install/myrobot/share/myrobot/urdf/Final_ISA_URDF.urdf:Zone.Identifier
-- Up-to-date: /home/youssef/strawberry_ws/install/myrobot/share/myrobot/urdf/Final_ISA_URDF.csv:Zone.Identifier
-- Up-to-date: /home/youssef/strawberry_ws/install/myrobot/share/ament_index/resource_index/package_run_dependencies/myrobot
-- Up-to-date: /home/youssef/strawberry_ws/install/myrobot/share/ament_index/resource_index/parent_prefix_path/myrobot
-- Up-to-date: /home/youssef/strawberry_ws/install/myrobot/share/myrobot/environment/ament_prefix_path.sh
-- Up-to-date: /home/youssef/strawberry_ws/install/myrobot/share/myrobot/environment/ament_prefix_path.dsv
-- Up-to-date: /home/youssef/strawberry_ws/install/myrobot/share/myrobot/environment/path.sh
-- Up-to-date: /home/youssef/strawberry_ws/install/myrobot/share/myrobot/environment/path.dsv
-- Up-to-date: /home/youssef/strawberry_ws/install/myrobot/share/myrobot/local_setup.bash
-- Up-to-date: /home/youssef/strawberry_ws/install/myrobot/share/myrobot/local_setup.sh
-- Up-to-date: /home/youssef/strawberry_ws/install/myrobot/share/myrobot/local_setup.zsh
-- Up-to-date: /home/youssef/strawberry_ws/install/myrobot/share/myrobot/local_setup.dsv
-- Installing: /home/youssef/strawberry_ws/install/myrobot/share/myrobot/package.dsv
-- Up-to-date: /home/youssef/strawberry_ws/install/myrobot/share/ament_index/resource_index/packages/myrobot
-- Up-to-date: /home/youssef/strawberry_ws/install/myrobot/share/myrobot/cmake/myrobotConfig.cmake
-- Up-to-date: /home/youssef/strawberry_ws/install/myrobot/share/myrobot/cmake/myrobotConfig-version.cmake
-- Up-to-date: /home/youssef/strawberry_ws/install/myrobot/share/myrobot/package.xml
