[0.062s] Invoking command in '/home/youssef/strawberry_ws/build/myrobot': CMAKE_PREFIX_PATH=${CMAKE_PREFIX_PATH}:/home/youssef/strawberry_ws/install/motion_planning:/home/youssef/ws_moveit2/install/moveit_configs_utils:/home/youssef/ws_moveit2/install/launch_param_builder:/opt/ros/humble /usr/bin/cmake --build /home/youssef/strawberry_ws/build/myrobot -- -j6 -l6
[0.600s] Invoked command in '/home/youssef/strawberry_ws/build/myrobot' returned '0': CMAKE_PREFIX_PATH=${CMAKE_PREFIX_PATH}:/home/youssef/strawberry_ws/install/motion_planning:/home/youssef/ws_moveit2/install/moveit_configs_utils:/home/youssef/ws_moveit2/install/launch_param_builder:/opt/ros/humble /usr/bin/cmake --build /home/youssef/strawberry_ws/build/myrobot -- -j6 -l6
[0.631s] Invoking command in '/home/youssef/strawberry_ws/build/myrobot': CMAKE_PREFIX_PATH=${CMAKE_PREFIX_PATH}:/home/youssef/strawberry_ws/install/motion_planning:/home/youssef/ws_moveit2/install/moveit_configs_utils:/home/youssef/ws_moveit2/install/launch_param_builder:/opt/ros/humble /usr/bin/cmake --install /home/youssef/strawberry_ws/build/myrobot
[0.653s] -- Install configuration: ""
[0.654s] -- Up-to-date: /home/youssef/strawberry_ws/install/myrobot/share/myrobot/meshes
[0.654s] -- Up-to-date: /home/youssef/strawberry_ws/install/myrobot/share/myrobot/meshes/Link1.STL
[0.654s] -- Up-to-date: /home/youssef/strawberry_ws/install/myrobot/share/myrobot/meshes/Link3.STL:Zone.Identifier
[0.654s] -- Up-to-date: /home/youssef/strawberry_ws/install/myrobot/share/myrobot/meshes/Link3.STL
[0.655s] -- Up-to-date: /home/youssef/strawberry_ws/install/myrobot/share/myrobot/meshes/Link2.STL:Zone.Identifier
[0.655s] -- Up-to-date: /home/youssef/strawberry_ws/install/myrobot/share/myrobot/meshes/Link4.STL:Zone.Identifier
[0.655s] -- Up-to-date: /home/youssef/strawberry_ws/install/myrobot/share/myrobot/meshes/base_link.STL
[0.655s] -- Up-to-date: /home/youssef/strawberry_ws/install/myrobot/share/myrobot/meshes/Link5.STL
[0.656s] -- Up-to-date: /home/youssef/strawberry_ws/install/myrobot/share/myrobot/meshes/Link4.STL
[0.656s] -- Up-to-date: /home/youssef/strawberry_ws/install/myrobot/share/myrobot/meshes/Link6.STL:Zone.Identifier
[0.656s] -- Up-to-date: /home/youssef/strawberry_ws/install/myrobot/share/myrobot/meshes/Link2.STL
[0.656s] -- Up-to-date: /home/youssef/strawberry_ws/install/myrobot/share/myrobot/meshes/base_link.STL:Zone.Identifier
[0.657s] -- Up-to-date: /home/youssef/strawberry_ws/install/myrobot/share/myrobot/meshes/Link5.STL:Zone.Identifier
[0.657s] -- Up-to-date: /home/youssef/strawberry_ws/install/myrobot/share/myrobot/meshes/Link1.STL:Zone.Identifier
[0.657s] -- Up-to-date: /home/youssef/strawberry_ws/install/myrobot/share/myrobot/meshes/Link6.STL
[0.657s] -- Up-to-date: /home/youssef/strawberry_ws/install/myrobot/share/myrobot/urdf
[0.657s] -- Up-to-date: /home/youssef/strawberry_ws/install/myrobot/share/myrobot/urdf/Final_ISA_URDF.csv
[0.657s] -- Up-to-date: /home/youssef/strawberry_ws/install/myrobot/share/myrobot/urdf/Final_ISA_URDF.urdf
[0.657s] -- Up-to-date: /home/youssef/strawberry_ws/install/myrobot/share/myrobot/urdf/Final_ISA_URDF.urdf:Zone.Identifier
[0.657s] -- Up-to-date: /home/youssef/strawberry_ws/install/myrobot/share/myrobot/urdf/Final_ISA_URDF.csv:Zone.Identifier
[0.657s] -- Up-to-date: /home/youssef/strawberry_ws/install/myrobot/share/ament_index/resource_index/package_run_dependencies/myrobot
[0.658s] -- Up-to-date: /home/youssef/strawberry_ws/install/myrobot/share/ament_index/resource_index/parent_prefix_path/myrobot
[0.658s] -- Up-to-date: /home/youssef/strawberry_ws/install/myrobot/share/myrobot/environment/ament_prefix_path.sh
[0.658s] -- Up-to-date: /home/youssef/strawberry_ws/install/myrobot/share/myrobot/environment/ament_prefix_path.dsv
[0.658s] -- Up-to-date: /home/youssef/strawberry_ws/install/myrobot/share/myrobot/environment/path.sh
[0.658s] -- Up-to-date: /home/youssef/strawberry_ws/install/myrobot/share/myrobot/environment/path.dsv
[0.658s] -- Up-to-date: /home/youssef/strawberry_ws/install/myrobot/share/myrobot/local_setup.bash
[0.658s] -- Up-to-date: /home/youssef/strawberry_ws/install/myrobot/share/myrobot/local_setup.sh
[0.659s] -- Up-to-date: /home/youssef/strawberry_ws/install/myrobot/share/myrobot/local_setup.zsh
[0.659s] -- Up-to-date: /home/youssef/strawberry_ws/install/myrobot/share/myrobot/local_setup.dsv
[0.660s] -- Installing: /home/youssef/strawberry_ws/install/myrobot/share/myrobot/package.dsv
[0.660s] -- Up-to-date: /home/youssef/strawberry_ws/install/myrobot/share/ament_index/resource_index/packages/myrobot
[0.660s] -- Up-to-date: /home/youssef/strawberry_ws/install/myrobot/share/myrobot/cmake/myrobotConfig.cmake
[0.660s] -- Up-to-date: /home/youssef/strawberry_ws/install/myrobot/share/myrobot/cmake/myrobotConfig-version.cmake
[0.660s] -- Up-to-date: /home/youssef/strawberry_ws/install/myrobot/share/myrobot/package.xml
[0.663s] Invoked command in '/home/youssef/strawberry_ws/build/myrobot' returned '0': CMAKE_PREFIX_PATH=${CMAKE_PREFIX_PATH}:/home/youssef/strawberry_ws/install/motion_planning:/home/youssef/ws_moveit2/install/moveit_configs_utils:/home/youssef/ws_moveit2/install/launch_param_builder:/opt/ros/humble /usr/bin/cmake --install /home/youssef/strawberry_ws/build/myrobot
