[1.564s] Invoking command in '/home/youssef/strawberry_ws/src/motion_planning': PYTHONPATH=/home/youssef/strawberry_ws/build/motion_planning/prefix_override:/usr/lib/python3/dist-packages/colcon_core/task/python/colcon_distutils_commands:/home/youssef/strawberry_ws/install/motion_planning/lib/python3.10/site-packages:${PYTHONPATH} /usr/bin/python3 -W ignore:setup.py install is deprecated -W ignore:easy_install command is deprecated setup.py egg_info --egg-base ../../build/motion_planning build --build-base /home/youssef/strawberry_ws/build/motion_planning/build install --record /home/youssef/strawberry_ws/build/motion_planning/install.log --single-version-externally-managed install_data
[2.112s] running egg_info
[2.114s] writing ../../build/motion_planning/motion_planning.egg-info/PKG-INFO
[2.114s] writing dependency_links to ../../build/motion_planning/motion_planning.egg-info/dependency_links.txt
[2.115s] writing entry points to ../../build/motion_planning/motion_planning.egg-info/entry_points.txt
[2.115s] writing requirements to ../../build/motion_planning/motion_planning.egg-info/requires.txt
[2.116s] writing top-level names to ../../build/motion_planning/motion_planning.egg-info/top_level.txt
[2.121s] reading manifest file '../../build/motion_planning/motion_planning.egg-info/SOURCES.txt'
[2.123s] writing manifest file '../../build/motion_planning/motion_planning.egg-info/SOURCES.txt'
[2.123s] running build
[2.124s] running build_py
[2.124s] copying motion_planning/motion_planner.py -> /home/youssef/strawberry_ws/build/motion_planning/build/lib/motion_planning
[2.124s] copying motion_planning/util.py -> /home/youssef/strawberry_ws/build/motion_planning/build/lib/motion_planning
[2.124s] running install
[2.125s] running install_lib
[2.127s] copying /home/youssef/strawberry_ws/build/motion_planning/build/lib/motion_planning/motion_planner.py -> /home/youssef/strawberry_ws/install/motion_planning/lib/python3.10/site-packages/motion_planning
[2.128s] copying /home/youssef/strawberry_ws/build/motion_planning/build/lib/motion_planning/util.py -> /home/youssef/strawberry_ws/install/motion_planning/lib/python3.10/site-packages/motion_planning
[2.131s] byte-compiling /home/youssef/strawberry_ws/install/motion_planning/lib/python3.10/site-packages/motion_planning/motion_planner.py to motion_planner.cpython-310.pyc
[2.133s] byte-compiling /home/youssef/strawberry_ws/install/motion_planning/lib/python3.10/site-packages/motion_planning/util.py to util.cpython-310.pyc
[2.133s] running install_data
[2.134s] running install_egg_info
[2.140s] removing '/home/youssef/strawberry_ws/install/motion_planning/lib/python3.10/site-packages/motion_planning-0.0.0-py3.10.egg-info' (and everything under it)
[2.141s] Copying ../../build/motion_planning/motion_planning.egg-info to /home/youssef/strawberry_ws/install/motion_planning/lib/python3.10/site-packages/motion_planning-0.0.0-py3.10.egg-info
[2.145s] running install_scripts
[2.190s] Installing motion_planner script to /home/youssef/strawberry_ws/install/motion_planning/lib/motion_planning
[2.191s] writing list of installed files to '/home/youssef/strawberry_ws/build/motion_planning/install.log'
[2.252s] Invoked command in '/home/youssef/strawberry_ws/src/motion_planning' returned '0': PYTHONPATH=/home/youssef/strawberry_ws/build/motion_planning/prefix_override:/usr/lib/python3/dist-packages/colcon_core/task/python/colcon_distutils_commands:/home/youssef/strawberry_ws/install/motion_planning/lib/python3.10/site-packages:${PYTHONPATH} /usr/bin/python3 -W ignore:setup.py install is deprecated -W ignore:easy_install command is deprecated setup.py egg_info --egg-base ../../build/motion_planning build --build-base /home/youssef/strawberry_ws/build/motion_planning/build install --record /home/youssef/strawberry_ws/build/motion_planning/install.log --single-version-externally-managed install_data
