[0.174s] Invoking command in '/home/youssef/strawberry_ws/build/moveit_config': CMAKE_PREFIX_PATH=${CMAKE_PREFIX_PATH}:/home/youssef/ws_moveit2/install/moveit_configs_utils:/home/youssef/ws_moveit2/install/launch_param_builder:/opt/ros/humble /usr/bin/cmake /home/youssef/strawberry_ws/src/moveit_config -DCMAKE_INSTALL_PREFIX=/home/youssef/strawberry_ws/install/moveit_config
[0.600s] -- The C compiler identification is GNU 11.4.0
[1.781s] -- The CXX compiler identification is GNU 11.4.0
[2.592s] -- Detecting C compiler ABI info
[3.054s] -- Detecting C compiler ABI info - done
[3.068s] -- Check for working C compiler: /usr/bin/cc - skipped
[3.068s] -- Detecting C compile features
[3.068s] -- Detecting C compile features - done
[3.073s] -- Detecting CXX compiler ABI info
[3.547s] -- Detecting CXX compiler ABI info - done
[3.561s] -- Check for working CXX compiler: /usr/bin/c++ - skipped
[3.561s] -- Detecting CXX compile features
[3.562s] -- Detecting CXX compile features - done
[3.574s] -- Found ament_cmake: 1.3.12 (/opt/ros/humble/share/ament_cmake/cmake)
[3.869s] -- Found Python3: /usr/bin/python3 (found version "3.10.12") found components: Interpreter 
[4.274s] -- Configuring done
[4.281s] -- Generating done
[4.285s] -- Build files have been written to: /home/youssef/strawberry_ws/build/moveit_config
[4.294s] Invoked command in '/home/youssef/strawberry_ws/build/moveit_config' returned '0': CMAKE_PREFIX_PATH=${CMAKE_PREFIX_PATH}:/home/youssef/ws_moveit2/install/moveit_configs_utils:/home/youssef/ws_moveit2/install/launch_param_builder:/opt/ros/humble /usr/bin/cmake /home/youssef/strawberry_ws/src/moveit_config -DCMAKE_INSTALL_PREFIX=/home/youssef/strawberry_ws/install/moveit_config
[4.297s] Invoking command in '/home/youssef/strawberry_ws/build/moveit_config': CMAKE_PREFIX_PATH=${CMAKE_PREFIX_PATH}:/home/youssef/ws_moveit2/install/moveit_configs_utils:/home/youssef/ws_moveit2/install/launch_param_builder:/opt/ros/humble /usr/bin/cmake --build /home/youssef/strawberry_ws/build/moveit_config -- -j6 -l6
[4.401s] Invoked command in '/home/youssef/strawberry_ws/build/moveit_config' returned '0': CMAKE_PREFIX_PATH=${CMAKE_PREFIX_PATH}:/home/youssef/ws_moveit2/install/moveit_configs_utils:/home/youssef/ws_moveit2/install/launch_param_builder:/opt/ros/humble /usr/bin/cmake --build /home/youssef/strawberry_ws/build/moveit_config -- -j6 -l6
[4.404s] Invoking command in '/home/youssef/strawberry_ws/build/moveit_config': CMAKE_PREFIX_PATH=${CMAKE_PREFIX_PATH}:/home/youssef/ws_moveit2/install/moveit_configs_utils:/home/youssef/ws_moveit2/install/launch_param_builder:/opt/ros/humble /usr/bin/cmake --install /home/youssef/strawberry_ws/build/moveit_config
[4.426s] -- Install configuration: ""
[4.429s] -- Installing: /home/youssef/strawberry_ws/install/moveit_config/share/ament_index/resource_index/package_run_dependencies/moveit_config
[4.430s] -- Installing: /home/youssef/strawberry_ws/install/moveit_config/share/ament_index/resource_index/parent_prefix_path/moveit_config
[4.431s] -- Installing: /home/youssef/strawberry_ws/install/moveit_config/share/moveit_config/environment/ament_prefix_path.sh
[4.431s] -- Installing: /home/youssef/strawberry_ws/install/moveit_config/share/moveit_config/environment/ament_prefix_path.dsv
[4.431s] -- Installing: /home/youssef/strawberry_ws/install/moveit_config/share/moveit_config/environment/path.sh
[4.432s] -- Installing: /home/youssef/strawberry_ws/install/moveit_config/share/moveit_config/environment/path.dsv
[4.432s] -- Installing: /home/youssef/strawberry_ws/install/moveit_config/share/moveit_config/local_setup.bash
[4.432s] -- Installing: /home/youssef/strawberry_ws/install/moveit_config/share/moveit_config/local_setup.sh
[4.432s] -- Installing: /home/youssef/strawberry_ws/install/moveit_config/share/moveit_config/local_setup.zsh
[4.433s] -- Installing: /home/youssef/strawberry_ws/install/moveit_config/share/moveit_config/local_setup.dsv
[4.433s] -- Installing: /home/youssef/strawberry_ws/install/moveit_config/share/moveit_config/package.dsv
[4.434s] -- Installing: /home/youssef/strawberry_ws/install/moveit_config/share/ament_index/resource_index/packages/moveit_config
[4.435s] -- Installing: /home/youssef/strawberry_ws/install/moveit_config/share/moveit_config/cmake/moveit_configConfig.cmake
[4.435s] -- Installing: /home/youssef/strawberry_ws/install/moveit_config/share/moveit_config/cmake/moveit_configConfig-version.cmake
[4.435s] -- Installing: /home/youssef/strawberry_ws/install/moveit_config/share/moveit_config/package.xml
[4.436s] -- Installing: /home/youssef/strawberry_ws/install/moveit_config/share/moveit_config/launch
[4.436s] -- Installing: /home/youssef/strawberry_ws/install/moveit_config/share/moveit_config/launch/rsp.launch.py
[4.436s] -- Installing: /home/youssef/strawberry_ws/install/moveit_config/share/moveit_config/launch/warehouse_db.launch.py
[4.437s] -- Installing: /home/youssef/strawberry_ws/install/moveit_config/share/moveit_config/launch/setup_assistant.launch.py
[4.437s] -- Installing: /home/youssef/strawberry_ws/install/moveit_config/share/moveit_config/launch/moveit_rviz.launch.py
[4.437s] -- Installing: /home/youssef/strawberry_ws/install/moveit_config/share/moveit_config/launch/move_group.launch.py
[4.437s] -- Installing: /home/youssef/strawberry_ws/install/moveit_config/share/moveit_config/launch/demo.launch.py
[4.438s] -- Installing: /home/youssef/strawberry_ws/install/moveit_config/share/moveit_config/launch/static_virtual_joint_tfs.launch.py
[4.438s] -- Installing: /home/youssef/strawberry_ws/install/moveit_config/share/moveit_config/launch/spawn_controllers.launch.py
[4.438s] -- Installing: /home/youssef/strawberry_ws/install/moveit_config/share/moveit_config/config
[4.438s] -- Installing: /home/youssef/strawberry_ws/install/moveit_config/share/moveit_config/config/Final_ISA_URDF.ros2_control.xacro
[4.439s] -- Installing: /home/youssef/strawberry_ws/install/moveit_config/share/moveit_config/config/moveit_controllers.yaml
[4.439s] -- Installing: /home/youssef/strawberry_ws/install/moveit_config/share/moveit_config/config/Final_ISA_URDF.srdf
[4.439s] -- Installing: /home/youssef/strawberry_ws/install/moveit_config/share/moveit_config/config/ros2_controllers.yaml
[4.440s] -- Installing: /home/youssef/strawberry_ws/install/moveit_config/share/moveit_config/config/pilz_cartesian_limits.yaml
[4.440s] -- Installing: /home/youssef/strawberry_ws/install/moveit_config/share/moveit_config/config/Final_ISA_URDF.urdf.xacro
[4.440s] -- Installing: /home/youssef/strawberry_ws/install/moveit_config/share/moveit_config/config/moveit.rviz
[4.440s] -- Installing: /home/youssef/strawberry_ws/install/moveit_config/share/moveit_config/config/joint_limits.yaml
[4.441s] -- Installing: /home/youssef/strawberry_ws/install/moveit_config/share/moveit_config/config/initial_positions.yaml
[4.441s] -- Installing: /home/youssef/strawberry_ws/install/moveit_config/share/moveit_config/config/kinematics.yaml
[4.441s] -- Installing: /home/youssef/strawberry_ws/install/moveit_config/share/moveit_config/.setup_assistant
[4.445s] Invoked command in '/home/youssef/strawberry_ws/build/moveit_config' returned '0': CMAKE_PREFIX_PATH=${CMAKE_PREFIX_PATH}:/home/youssef/ws_moveit2/install/moveit_configs_utils:/home/youssef/ws_moveit2/install/launch_param_builder:/opt/ros/humble /usr/bin/cmake --install /home/youssef/strawberry_ws/build/moveit_config
