[1.259s] Invoking command in '/home/youssef/strawberry_ws/src/motion_planning': PYTHONPATH=/home/youssef/strawberry_ws/build/motion_planning/prefix_override:/usr/lib/python3/dist-packages/colcon_core/task/python/colcon_distutils_commands:/home/youssef/strawberry_ws/install/motion_planning/lib/python3.10/site-packages:${PYTHONPATH} /usr/bin/python3 -W ignore:setup.py install is deprecated -W ignore:easy_install command is deprecated setup.py egg_info --egg-base ../../build/motion_planning build --build-base /home/youssef/strawberry_ws/build/motion_planning/build install --record /home/youssef/strawberry_ws/build/motion_planning/install.log --single-version-externally-managed install_data
[1.683s] running egg_info
[1.685s] writing ../../build/motion_planning/motion_planning.egg-info/PKG-INFO
[1.685s] writing dependency_links to ../../build/motion_planning/motion_planning.egg-info/dependency_links.txt
[1.686s] writing entry points to ../../build/motion_planning/motion_planning.egg-info/entry_points.txt
[1.686s] writing requirements to ../../build/motion_planning/motion_planning.egg-info/requires.txt
[1.686s] writing top-level names to ../../build/motion_planning/motion_planning.egg-info/top_level.txt
[1.691s] reading manifest file '../../build/motion_planning/motion_planning.egg-info/SOURCES.txt'
[1.692s] writing manifest file '../../build/motion_planning/motion_planning.egg-info/SOURCES.txt'
[1.693s] running build
[1.693s] running build_py
[1.693s] copying motion_planning/util.py -> /home/youssef/strawberry_ws/build/motion_planning/build/lib/motion_planning
[1.694s] running install
[1.694s] running install_lib
[1.696s] copying /home/youssef/strawberry_ws/build/motion_planning/build/lib/motion_planning/util.py -> /home/youssef/strawberry_ws/install/motion_planning/lib/python3.10/site-packages/motion_planning
[1.697s] byte-compiling /home/youssef/strawberry_ws/install/motion_planning/lib/python3.10/site-packages/motion_planning/util.py to util.cpython-310.pyc
[1.698s] running install_data
[1.698s] running install_egg_info
[1.703s] removing '/home/youssef/strawberry_ws/install/motion_planning/lib/python3.10/site-packages/motion_planning-0.0.0-py3.10.egg-info' (and everything under it)
[1.703s] Copying ../../build/motion_planning/motion_planning.egg-info to /home/youssef/strawberry_ws/install/motion_planning/lib/python3.10/site-packages/motion_planning-0.0.0-py3.10.egg-info
[1.705s] running install_scripts
[1.744s] Installing motion_planner script to /home/youssef/strawberry_ws/install/motion_planning/lib/motion_planning
[1.745s] writing list of installed files to '/home/youssef/strawberry_ws/build/motion_planning/install.log'
[1.790s] Invoked command in '/home/youssef/strawberry_ws/src/motion_planning' returned '0': PYTHONPATH=/home/youssef/strawberry_ws/build/motion_planning/prefix_override:/usr/lib/python3/dist-packages/colcon_core/task/python/colcon_distutils_commands:/home/youssef/strawberry_ws/install/motion_planning/lib/python3.10/site-packages:${PYTHONPATH} /usr/bin/python3 -W ignore:setup.py install is deprecated -W ignore:easy_install command is deprecated setup.py egg_info --egg-base ../../build/motion_planning build --build-base /home/youssef/strawberry_ws/build/motion_planning/build install --record /home/youssef/strawberry_ws/build/motion_planning/install.log --single-version-externally-managed install_data
