[0.534s] DEBUG:colcon:Command line arguments: ['/usr/bin/colcon', 'build']
[0.534s] DEBUG:colcon:Parsed command line arguments: Namespace(log_base=None, log_level=None, verb_name='build', build_base='build', install_base='install', merge_install=False, symlink_install=False, test_result_base=None, continue_on_error=False, executor='parallel', parallel_workers=6, event_handlers=None, ignore_user_meta=False, metas=['./colcon.meta'], base_paths=['.'], packages_ignore=None, packages_ignore_regex=None, paths=None, packages_up_to=None, packages_up_to_regex=None, packages_above=None, packages_above_and_dependencies=None, packages_above_depth=None, packages_select_by_dep=None, packages_skip_by_dep=None, packages_skip_up_to=None, packages_select_build_failed=False, packages_skip_build_finished=False, packages_select_test_failures=False, packages_skip_test_passed=False, packages_select=None, packages_skip=None, packages_select_regex=None, packages_skip_regex=None, packages_start=None, packages_end=None, allow_overriding=[], cmake_args=None, cmake_target=None, cmake_target_skip_unavailable=False, cmake_clean_cache=False, cmake_clean_first=False, cmake_force_configure=False, ament_cmake_args=None, catkin_cmake_args=None, catkin_skip_building_tests=False, mixin_files=None, mixin=None, verb_parser=<colcon_mixin.mixin.mixin_argument.MixinArgumentDecorator object at 0x7436ccd45b70>, verb_extension=<colcon_core.verb.build.BuildVerb object at 0x7436cce62b00>, main=<bound method BuildVerb.main of <colcon_core.verb.build.BuildVerb object at 0x7436cce62b00>>, mixin_verb=('build',))
[0.856s] Level 1:colcon.colcon_core.package_discovery:discover_packages(colcon_meta) check parameters
[0.856s] Level 1:colcon.colcon_core.package_discovery:discover_packages(recursive) check parameters
[0.856s] Level 1:colcon.colcon_core.package_discovery:discover_packages(ignore) check parameters
[0.856s] Level 1:colcon.colcon_core.package_discovery:discover_packages(path) check parameters
[0.856s] Level 1:colcon.colcon_core.package_discovery:discover_packages(colcon_meta) discover
[0.856s] Level 1:colcon.colcon_core.package_discovery:discover_packages(recursive) discover
[0.856s] INFO:colcon.colcon_core.package_discovery:Crawling recursively for packages in '/home/youssef/strawberry_ws'
[0.856s] Level 1:colcon.colcon_core.package_identification:_identify(.) by extensions ['ignore', 'ignore_ament_install']
[0.857s] Level 1:colcon.colcon_core.package_identification:_identify(.) by extension 'ignore'
[0.857s] Level 1:colcon.colcon_core.package_identification:_identify(.) by extension 'ignore_ament_install'
[0.857s] Level 1:colcon.colcon_core.package_identification:_identify(.) by extensions ['colcon_pkg']
[0.857s] Level 1:colcon.colcon_core.package_identification:_identify(.) by extension 'colcon_pkg'
[0.857s] Level 1:colcon.colcon_core.package_identification:_identify(.) by extensions ['colcon_meta']
[0.857s] Level 1:colcon.colcon_core.package_identification:_identify(.) by extension 'colcon_meta'
[0.857s] Level 1:colcon.colcon_core.package_identification:_identify(.) by extensions ['ros']
[0.857s] Level 1:colcon.colcon_core.package_identification:_identify(.) by extension 'ros'
[6.423s] Level 1:colcon.colcon_core.package_identification:_identify(.) by extensions ['cmake', 'python']
[6.423s] Level 1:colcon.colcon_core.package_identification:_identify(.) by extension 'cmake'
[6.423s] Level 1:colcon.colcon_core.package_identification:_identify(.) by extension 'python'
[6.423s] Level 1:colcon.colcon_core.package_identification:_identify(.) by extensions ['python_setup_py']
[6.423s] Level 1:colcon.colcon_core.package_identification:_identify(.) by extension 'python_setup_py'
[6.424s] Level 1:colcon.colcon_core.package_identification:_identify(build) by extensions ['ignore', 'ignore_ament_install']
[6.424s] Level 1:colcon.colcon_core.package_identification:_identify(build) by extension 'ignore'
[6.424s] Level 1:colcon.colcon_core.package_identification:_identify(build) ignored
[6.424s] Level 1:colcon.colcon_core.package_identification:_identify(install) by extensions ['ignore', 'ignore_ament_install']
[6.424s] Level 1:colcon.colcon_core.package_identification:_identify(install) by extension 'ignore'
[6.424s] Level 1:colcon.colcon_core.package_identification:_identify(install) ignored
[6.436s] Level 1:colcon.colcon_core.package_identification:_identify(log) by extensions ['ignore', 'ignore_ament_install']
[6.436s] Level 1:colcon.colcon_core.package_identification:_identify(log) by extension 'ignore'
[6.436s] Level 1:colcon.colcon_core.package_identification:_identify(log) ignored
[6.436s] Level 1:colcon.colcon_core.package_identification:_identify(src) by extensions ['ignore', 'ignore_ament_install']
[6.437s] Level 1:colcon.colcon_core.package_identification:_identify(src) by extension 'ignore'
[6.437s] Level 1:colcon.colcon_core.package_identification:_identify(src) by extension 'ignore_ament_install'
[6.437s] Level 1:colcon.colcon_core.package_identification:_identify(src) by extensions ['colcon_pkg']
[6.437s] Level 1:colcon.colcon_core.package_identification:_identify(src) by extension 'colcon_pkg'
[6.437s] Level 1:colcon.colcon_core.package_identification:_identify(src) by extensions ['colcon_meta']
[6.437s] Level 1:colcon.colcon_core.package_identification:_identify(src) by extension 'colcon_meta'
[6.437s] Level 1:colcon.colcon_core.package_identification:_identify(src) by extensions ['ros']
[6.437s] Level 1:colcon.colcon_core.package_identification:_identify(src) by extension 'ros'
[6.437s] Level 1:colcon.colcon_core.package_identification:_identify(src) by extensions ['cmake', 'python']
[6.437s] Level 1:colcon.colcon_core.package_identification:_identify(src) by extension 'cmake'
[6.437s] Level 1:colcon.colcon_core.package_identification:_identify(src) by extension 'python'
[6.437s] Level 1:colcon.colcon_core.package_identification:_identify(src) by extensions ['python_setup_py']
[6.437s] Level 1:colcon.colcon_core.package_identification:_identify(src) by extension 'python_setup_py'
[6.438s] Level 1:colcon.colcon_core.package_identification:_identify(src/motion_planning) by extensions ['ignore', 'ignore_ament_install']
[6.438s] Level 1:colcon.colcon_core.package_identification:_identify(src/motion_planning) by extension 'ignore'
[6.438s] Level 1:colcon.colcon_core.package_identification:_identify(src/motion_planning) by extension 'ignore_ament_install'
[6.438s] Level 1:colcon.colcon_core.package_identification:_identify(src/motion_planning) by extensions ['colcon_pkg']
[6.438s] Level 1:colcon.colcon_core.package_identification:_identify(src/motion_planning) by extension 'colcon_pkg'
[6.438s] Level 1:colcon.colcon_core.package_identification:_identify(src/motion_planning) by extensions ['colcon_meta']
[6.438s] Level 1:colcon.colcon_core.package_identification:_identify(src/motion_planning) by extension 'colcon_meta'
[6.438s] Level 1:colcon.colcon_core.package_identification:_identify(src/motion_planning) by extensions ['ros']
[6.438s] Level 1:colcon.colcon_core.package_identification:_identify(src/motion_planning) by extension 'ros'
[6.444s] DEBUG:colcon.colcon_core.package_identification:Package 'src/motion_planning' with type 'ros.ament_python' and name 'motion_planning'
[6.444s] Level 1:colcon.colcon_core.package_identification:_identify(src/moveit_config) by extensions ['ignore', 'ignore_ament_install']
[6.445s] Level 1:colcon.colcon_core.package_identification:_identify(src/moveit_config) by extension 'ignore'
[6.445s] Level 1:colcon.colcon_core.package_identification:_identify(src/moveit_config) by extension 'ignore_ament_install'
[6.445s] Level 1:colcon.colcon_core.package_identification:_identify(src/moveit_config) by extensions ['colcon_pkg']
[6.445s] Level 1:colcon.colcon_core.package_identification:_identify(src/moveit_config) by extension 'colcon_pkg'
[6.445s] Level 1:colcon.colcon_core.package_identification:_identify(src/moveit_config) by extensions ['colcon_meta']
[6.445s] Level 1:colcon.colcon_core.package_identification:_identify(src/moveit_config) by extension 'colcon_meta'
[6.445s] Level 1:colcon.colcon_core.package_identification:_identify(src/moveit_config) by extensions ['ros']
[6.445s] Level 1:colcon.colcon_core.package_identification:_identify(src/moveit_config) by extension 'ros'
[6.447s] DEBUG:colcon.colcon_core.package_identification:Package 'src/moveit_config' with type 'ros.ament_cmake' and name 'moveit_config'
[6.447s] Level 1:colcon.colcon_core.package_identification:_identify(src/myrobot) by extensions ['ignore', 'ignore_ament_install']
[6.447s] Level 1:colcon.colcon_core.package_identification:_identify(src/myrobot) by extension 'ignore'
[6.447s] Level 1:colcon.colcon_core.package_identification:_identify(src/myrobot) by extension 'ignore_ament_install'
[6.447s] Level 1:colcon.colcon_core.package_identification:_identify(src/myrobot) by extensions ['colcon_pkg']
[6.447s] Level 1:colcon.colcon_core.package_identification:_identify(src/myrobot) by extension 'colcon_pkg'
[6.447s] Level 1:colcon.colcon_core.package_identification:_identify(src/myrobot) by extensions ['colcon_meta']
[6.447s] Level 1:colcon.colcon_core.package_identification:_identify(src/myrobot) by extension 'colcon_meta'
[6.448s] Level 1:colcon.colcon_core.package_identification:_identify(src/myrobot) by extensions ['ros']
[6.448s] Level 1:colcon.colcon_core.package_identification:_identify(src/myrobot) by extension 'ros'
[6.449s] DEBUG:colcon.colcon_core.package_identification:Package 'src/myrobot' with type 'ros.ament_cmake' and name 'myrobot'
[6.449s] Level 1:colcon.colcon_core.package_discovery:discover_packages(recursive) using defaults
[6.449s] Level 1:colcon.colcon_core.package_discovery:discover_packages(ignore) discover
[6.450s] Level 1:colcon.colcon_core.package_discovery:discover_packages(ignore) using defaults
[6.450s] Level 1:colcon.colcon_core.package_discovery:discover_packages(path) discover
[6.450s] Level 1:colcon.colcon_core.package_discovery:discover_packages(path) using defaults
[6.514s] Level 1:colcon.colcon_core.package_discovery:discover_packages(prefix_path) check parameters
[6.514s] Level 1:colcon.colcon_core.package_discovery:discover_packages(prefix_path) discover
[6.521s] DEBUG:colcon.colcon_installed_package_information.package_discovery:Found 3 installed packages in /home/youssef/strawberry_ws/install
[6.522s] DEBUG:colcon.colcon_installed_package_information.package_discovery:Found 2 installed packages in /home/youssef/ws_21_11/install
[6.523s] DEBUG:colcon.colcon_installed_package_information.package_discovery:Found 2 installed packages in /home/youssef/isaacsim_ws/install
[6.524s] DEBUG:colcon.colcon_installed_package_information.package_discovery:Found 2 installed packages in /home/youssef/ws_20_11/install
[6.528s] DEBUG:colcon.colcon_installed_package_information.package_discovery:Found 55 installed packages in /home/youssef/ws_moveit2/install
[6.531s] DEBUG:colcon.colcon_installed_package_information.package_discovery:Found 274 installed packages in /opt/ros/humble
[6.534s] Level 1:colcon.colcon_core.package_discovery:discover_packages(prefix_path) using defaults
[0.569s] Level 5:colcon.colcon_core.verb:set package 'motion_planning' build argument 'cmake_args' from command line to 'None'
[0.569s] Level 5:colcon.colcon_core.verb:set package 'motion_planning' build argument 'cmake_target' from command line to 'None'
[0.569s] Level 5:colcon.colcon_core.verb:set package 'motion_planning' build argument 'cmake_target_skip_unavailable' from command line to 'False'
[0.569s] Level 5:colcon.colcon_core.verb:set package 'motion_planning' build argument 'cmake_clean_cache' from command line to 'False'
[0.569s] Level 5:colcon.colcon_core.verb:set package 'motion_planning' build argument 'cmake_clean_first' from command line to 'False'
[0.569s] Level 5:colcon.colcon_core.verb:set package 'motion_planning' build argument 'cmake_force_configure' from command line to 'False'
[0.569s] Level 5:colcon.colcon_core.verb:set package 'motion_planning' build argument 'ament_cmake_args' from command line to 'None'
[0.569s] Level 5:colcon.colcon_core.verb:set package 'motion_planning' build argument 'catkin_cmake_args' from command line to 'None'
[0.569s] Level 5:colcon.colcon_core.verb:set package 'motion_planning' build argument 'catkin_skip_building_tests' from command line to 'False'
[0.570s] DEBUG:colcon.colcon_core.verb:Building package 'motion_planning' with the following arguments: {'ament_cmake_args': None, 'build_base': '/home/youssef/strawberry_ws/build/motion_planning', 'catkin_cmake_args': None, 'catkin_skip_building_tests': False, 'cmake_args': None, 'cmake_clean_cache': False, 'cmake_clean_first': False, 'cmake_force_configure': False, 'cmake_target': None, 'cmake_target_skip_unavailable': False, 'install_base': '/home/youssef/strawberry_ws/install/motion_planning', 'merge_install': False, 'path': '/home/youssef/strawberry_ws/src/motion_planning', 'symlink_install': False, 'test_result_base': None}
[0.571s] Level 5:colcon.colcon_core.verb:set package 'myrobot' build argument 'cmake_args' from command line to 'None'
[0.571s] Level 5:colcon.colcon_core.verb:set package 'myrobot' build argument 'cmake_target' from command line to 'None'
[0.571s] Level 5:colcon.colcon_core.verb:set package 'myrobot' build argument 'cmake_target_skip_unavailable' from command line to 'False'
[0.571s] Level 5:colcon.colcon_core.verb:set package 'myrobot' build argument 'cmake_clean_cache' from command line to 'False'
[0.571s] Level 5:colcon.colcon_core.verb:set package 'myrobot' build argument 'cmake_clean_first' from command line to 'False'
[0.571s] Level 5:colcon.colcon_core.verb:set package 'myrobot' build argument 'cmake_force_configure' from command line to 'False'
[0.571s] Level 5:colcon.colcon_core.verb:set package 'myrobot' build argument 'ament_cmake_args' from command line to 'None'
[0.571s] Level 5:colcon.colcon_core.verb:set package 'myrobot' build argument 'catkin_cmake_args' from command line to 'None'
[0.571s] Level 5:colcon.colcon_core.verb:set package 'myrobot' build argument 'catkin_skip_building_tests' from command line to 'False'
[0.571s] DEBUG:colcon.colcon_core.verb:Building package 'myrobot' with the following arguments: {'ament_cmake_args': None, 'build_base': '/home/youssef/strawberry_ws/build/myrobot', 'catkin_cmake_args': None, 'catkin_skip_building_tests': False, 'cmake_args': None, 'cmake_clean_cache': False, 'cmake_clean_first': False, 'cmake_force_configure': False, 'cmake_target': None, 'cmake_target_skip_unavailable': False, 'install_base': '/home/youssef/strawberry_ws/install/myrobot', 'merge_install': False, 'path': '/home/youssef/strawberry_ws/src/myrobot', 'symlink_install': False, 'test_result_base': None}
[0.572s] Level 5:colcon.colcon_core.verb:set package 'moveit_config' build argument 'cmake_args' from command line to 'None'
[0.572s] Level 5:colcon.colcon_core.verb:set package 'moveit_config' build argument 'cmake_target' from command line to 'None'
[0.572s] Level 5:colcon.colcon_core.verb:set package 'moveit_config' build argument 'cmake_target_skip_unavailable' from command line to 'False'
[0.572s] Level 5:colcon.colcon_core.verb:set package 'moveit_config' build argument 'cmake_clean_cache' from command line to 'False'
[0.572s] Level 5:colcon.colcon_core.verb:set package 'moveit_config' build argument 'cmake_clean_first' from command line to 'False'
[0.572s] Level 5:colcon.colcon_core.verb:set package 'moveit_config' build argument 'cmake_force_configure' from command line to 'False'
[0.572s] Level 5:colcon.colcon_core.verb:set package 'moveit_config' build argument 'ament_cmake_args' from command line to 'None'
[0.572s] Level 5:colcon.colcon_core.verb:set package 'moveit_config' build argument 'catkin_cmake_args' from command line to 'None'
[0.572s] Level 5:colcon.colcon_core.verb:set package 'moveit_config' build argument 'catkin_skip_building_tests' from command line to 'False'
[0.572s] DEBUG:colcon.colcon_core.verb:Building package 'moveit_config' with the following arguments: {'ament_cmake_args': None, 'build_base': '/home/youssef/strawberry_ws/build/moveit_config', 'catkin_cmake_args': None, 'catkin_skip_building_tests': False, 'cmake_args': None, 'cmake_clean_cache': False, 'cmake_clean_first': False, 'cmake_force_configure': False, 'cmake_target': None, 'cmake_target_skip_unavailable': False, 'install_base': '/home/youssef/strawberry_ws/install/moveit_config', 'merge_install': False, 'path': '/home/youssef/strawberry_ws/src/moveit_config', 'symlink_install': False, 'test_result_base': None}
[0.573s] INFO:colcon.colcon_core.executor:Executing jobs using 'parallel' executor
[0.575s] DEBUG:colcon.colcon_parallel_executor.executor.parallel:run_until_complete
[0.575s] INFO:colcon.colcon_ros.task.ament_cmake.build:Building ROS package in '/home/youssef/strawberry_ws/src/myrobot' with build type 'ament_cmake'
[0.575s] INFO:colcon.colcon_cmake.task.cmake.build:Building CMake package in '/home/youssef/strawberry_ws/src/myrobot'
[0.581s] INFO:colcon.colcon_core.plugin_system:Skipping extension 'colcon_core.shell.bat': Not used on non-Windows systems
[0.581s] INFO:colcon.colcon_core.shell:Skip shell extension 'powershell' for command environment: Not usable outside of PowerShell
[0.581s] DEBUG:colcon.colcon_core.shell:Skip shell extension 'dsv' for command environment
[0.598s] INFO:colcon.colcon_ros.task.ament_python.build:Building ROS package in '/home/youssef/strawberry_ws/src/motion_planning' with build type 'ament_python'
[0.599s] Level 1:colcon.colcon_core.shell:create_environment_hook('motion_planning', 'ament_prefix_path')
[0.599s] INFO:colcon.colcon_core.shell:Creating environment hook '/home/youssef/strawberry_ws/install/motion_planning/share/motion_planning/hook/ament_prefix_path.ps1'
[0.601s] INFO:colcon.colcon_core.shell:Creating environment descriptor '/home/youssef/strawberry_ws/install/motion_planning/share/motion_planning/hook/ament_prefix_path.dsv'
[0.603s] INFO:colcon.colcon_core.shell:Creating environment hook '/home/youssef/strawberry_ws/install/motion_planning/share/motion_planning/hook/ament_prefix_path.sh'
[0.605s] INFO:colcon.colcon_core.shell:Skip shell extension 'powershell' for command environment: Not usable outside of PowerShell
[0.605s] DEBUG:colcon.colcon_core.shell:Skip shell extension 'dsv' for command environment
[0.640s] DEBUG:colcon.colcon_core.event_handler.log_command:Invoking command in '/home/youssef/strawberry_ws/build/myrobot': CMAKE_PREFIX_PATH=${CMAKE_PREFIX_PATH}:/home/youssef/strawberry_ws/install/motion_planning:/home/youssef/ws_moveit2/install/moveit_configs_utils:/home/youssef/ws_moveit2/install/launch_param_builder:/opt/ros/humble /usr/bin/cmake --build /home/youssef/strawberry_ws/build/myrobot -- -j6 -l6
[1.161s] INFO:colcon.colcon_core.task.python.build:Building Python package in '/home/youssef/strawberry_ws/src/motion_planning'
[1.161s] INFO:colcon.colcon_core.shell:Skip shell extension 'powershell' for command environment: Not usable outside of PowerShell
[1.162s] DEBUG:colcon.colcon_core.shell:Skip shell extension 'dsv' for command environment
[1.178s] DEBUG:colcon.colcon_core.event_handler.log_command:Invoked command in '/home/youssef/strawberry_ws/build/myrobot' returned '0': CMAKE_PREFIX_PATH=${CMAKE_PREFIX_PATH}:/home/youssef/strawberry_ws/install/motion_planning:/home/youssef/ws_moveit2/install/moveit_configs_utils:/home/youssef/ws_moveit2/install/launch_param_builder:/opt/ros/humble /usr/bin/cmake --build /home/youssef/strawberry_ws/build/myrobot -- -j6 -l6
[1.209s] DEBUG:colcon.colcon_core.event_handler.log_command:Invoking command in '/home/youssef/strawberry_ws/build/myrobot': CMAKE_PREFIX_PATH=${CMAKE_PREFIX_PATH}:/home/youssef/strawberry_ws/install/motion_planning:/home/youssef/ws_moveit2/install/moveit_configs_utils:/home/youssef/ws_moveit2/install/launch_param_builder:/opt/ros/humble /usr/bin/cmake --install /home/youssef/strawberry_ws/build/myrobot
[1.240s] Level 1:colcon.colcon_core.environment:create_environment_scripts_only(myrobot)
[1.240s] DEBUG:colcon.colcon_core.event_handler.log_command:Invoked command in '/home/youssef/strawberry_ws/build/myrobot' returned '0': CMAKE_PREFIX_PATH=${CMAKE_PREFIX_PATH}:/home/youssef/strawberry_ws/install/motion_planning:/home/youssef/ws_moveit2/install/moveit_configs_utils:/home/youssef/ws_moveit2/install/launch_param_builder:/opt/ros/humble /usr/bin/cmake --install /home/youssef/strawberry_ws/build/myrobot
[1.246s] Level 1:colcon.colcon_core.environment:checking '/home/youssef/strawberry_ws/install/myrobot' for CMake module files
[1.247s] Level 1:colcon.colcon_core.environment:checking '/home/youssef/strawberry_ws/install/myrobot' for CMake config files
[1.248s] Level 1:colcon.colcon_core.shell:create_environment_hook('myrobot', 'cmake_prefix_path')
[1.248s] INFO:colcon.colcon_core.shell:Creating environment hook '/home/youssef/strawberry_ws/install/myrobot/share/myrobot/hook/cmake_prefix_path.ps1'
[1.249s] INFO:colcon.colcon_core.shell:Creating environment descriptor '/home/youssef/strawberry_ws/install/myrobot/share/myrobot/hook/cmake_prefix_path.dsv'
[1.250s] INFO:colcon.colcon_core.shell:Creating environment hook '/home/youssef/strawberry_ws/install/myrobot/share/myrobot/hook/cmake_prefix_path.sh'
[1.251s] Level 1:colcon.colcon_core.environment:checking '/home/youssef/strawberry_ws/install/myrobot/bin'
[1.251s] Level 1:colcon.colcon_core.environment:checking '/home/youssef/strawberry_ws/install/myrobot/lib/pkgconfig/myrobot.pc'
[1.252s] Level 1:colcon.colcon_core.environment:checking '/home/youssef/strawberry_ws/install/myrobot/lib/python3.10/site-packages'
[1.252s] Level 1:colcon.colcon_core.environment:checking '/home/youssef/strawberry_ws/install/myrobot/bin'
[1.253s] INFO:colcon.colcon_core.shell:Creating package script '/home/youssef/strawberry_ws/install/myrobot/share/myrobot/package.ps1'
[1.254s] INFO:colcon.colcon_core.shell:Creating package descriptor '/home/youssef/strawberry_ws/install/myrobot/share/myrobot/package.dsv'
[1.255s] INFO:colcon.colcon_core.shell:Creating package script '/home/youssef/strawberry_ws/install/myrobot/share/myrobot/package.sh'
[1.257s] INFO:colcon.colcon_core.shell:Creating package script '/home/youssef/strawberry_ws/install/myrobot/share/myrobot/package.bash'
[1.258s] INFO:colcon.colcon_core.shell:Creating package script '/home/youssef/strawberry_ws/install/myrobot/share/myrobot/package.zsh'
[1.259s] Level 1:colcon.colcon_core.environment:create_file_with_runtime_dependencies(/home/youssef/strawberry_ws/install/myrobot/share/colcon-core/packages/myrobot)
[1.260s] Level 1:colcon.colcon_core.environment:create_environment_scripts_only(myrobot)
[1.260s] Level 1:colcon.colcon_core.environment:checking '/home/youssef/strawberry_ws/install/myrobot' for CMake module files
[1.261s] Level 1:colcon.colcon_core.environment:checking '/home/youssef/strawberry_ws/install/myrobot' for CMake config files
[1.261s] Level 1:colcon.colcon_core.shell:create_environment_hook('myrobot', 'cmake_prefix_path')
[1.262s] INFO:colcon.colcon_core.shell:Creating environment hook '/home/youssef/strawberry_ws/install/myrobot/share/myrobot/hook/cmake_prefix_path.ps1'
[1.263s] INFO:colcon.colcon_core.shell:Creating environment descriptor '/home/youssef/strawberry_ws/install/myrobot/share/myrobot/hook/cmake_prefix_path.dsv'
[1.264s] INFO:colcon.colcon_core.shell:Creating environment hook '/home/youssef/strawberry_ws/install/myrobot/share/myrobot/hook/cmake_prefix_path.sh'
[1.265s] Level 1:colcon.colcon_core.environment:checking '/home/youssef/strawberry_ws/install/myrobot/bin'
[1.265s] Level 1:colcon.colcon_core.environment:checking '/home/youssef/strawberry_ws/install/myrobot/lib/pkgconfig/myrobot.pc'
[1.266s] Level 1:colcon.colcon_core.environment:checking '/home/youssef/strawberry_ws/install/myrobot/lib/python3.10/site-packages'
[1.266s] Level 1:colcon.colcon_core.environment:checking '/home/youssef/strawberry_ws/install/myrobot/bin'
[1.267s] INFO:colcon.colcon_core.shell:Creating package script '/home/youssef/strawberry_ws/install/myrobot/share/myrobot/package.ps1'
[1.268s] INFO:colcon.colcon_core.shell:Creating package descriptor '/home/youssef/strawberry_ws/install/myrobot/share/myrobot/package.dsv'
[1.269s] INFO:colcon.colcon_core.shell:Creating package script '/home/youssef/strawberry_ws/install/myrobot/share/myrobot/package.sh'
[1.269s] INFO:colcon.colcon_core.shell:Creating package script '/home/youssef/strawberry_ws/install/myrobot/share/myrobot/package.bash'
[1.270s] INFO:colcon.colcon_core.shell:Creating package script '/home/youssef/strawberry_ws/install/myrobot/share/myrobot/package.zsh'
[1.270s] Level 1:colcon.colcon_core.environment:create_file_with_runtime_dependencies(/home/youssef/strawberry_ws/install/myrobot/share/colcon-core/packages/myrobot)
[1.271s] INFO:colcon.colcon_ros.task.ament_cmake.build:Building ROS package in '/home/youssef/strawberry_ws/src/moveit_config' with build type 'ament_cmake'
[1.271s] INFO:colcon.colcon_cmake.task.cmake.build:Building CMake package in '/home/youssef/strawberry_ws/src/moveit_config'
[1.272s] INFO:colcon.colcon_core.shell:Skip shell extension 'powershell' for command environment: Not usable outside of PowerShell
[1.272s] DEBUG:colcon.colcon_core.shell:Skip shell extension 'dsv' for command environment
[1.495s] DEBUG:colcon.colcon_core.event_handler.log_command:Invoking command in '/home/youssef/strawberry_ws/build/moveit_config': CMAKE_PREFIX_PATH=/home/youssef/strawberry_ws/install/myrobot:/home/youssef/strawberry_ws/install/moveit_config:/home/youssef/ws_21_11/install/moveit_config:/home/youssef/ws_21_11/install/Final_ISA_URDF:/home/youssef/isaacsim_ws/install/Assem2_moveit_config:/home/youssef/isaacsim_ws/install/Assem2:/home/youssef/ws_20_11/install/Assem2:/home/youssef/ws_moveit2/install/pilz_industrial_motion_planner_testutils:/home/youssef/ws_moveit2/install/moveit_runtime:/home/youssef/ws_moveit2/install/moveit2_tutorials:/home/youssef/ws_moveit2/install/moveit:/home/youssef/ws_moveit2/install/moveit_planners:/home/youssef/ws_moveit2/install/pilz_industrial_motion_planner:/home/youssef/ws_moveit2/install/moveit_visual_tools:/home/youssef/ws_moveit2/install/moveit_task_constructor_visualization:/home/youssef/ws_moveit2/install/moveit_task_constructor_demo:/home/youssef/ws_moveit2/install/moveit_task_constructor_capabilities:/home/youssef/ws_moveit2/install/moveit_task_constructor_core:/home/youssef/ws_moveit2/install/moveit_ros_control_interface:/home/youssef/ws_moveit2/install/moveit_plugins:/home/youssef/ws_moveit2/install/moveit_simple_controller_manager:/home/youssef/ws_moveit2/install/moveit_setup_assistant:/home/youssef/ws_moveit2/install/moveit_setup_srdf_plugins:/home/youssef/ws_moveit2/install/moveit_setup_core_plugins:/home/youssef/ws_moveit2/install/moveit_setup_controllers:/home/youssef/ws_moveit2/install/moveit_setup_app_plugins:/home/youssef/ws_moveit2/install/moveit_setup_framework:/home/youssef/ws_moveit2/install/moveit_servo:/home/youssef/ws_moveit2/install/moveit_ros:/home/youssef/ws_moveit2/install/moveit_ros_visualization:/home/youssef/ws_moveit2/install/moveit_hybrid_planning:/home/youssef/ws_moveit2/install/moveit_ros_planning_interface:/home/youssef/ws_moveit2/install/moveit_ros_benchmarks:/home/youssef/ws_moveit2/install/moveit_ros_warehouse:/home/youssef/ws_moveit2/install/moveit_ros_robot_interaction:/home/youssef/ws_moveit2/install/moveit_ros_perception:/home/youssef/ws_moveit2/install/moveit_resources_prbt_pg70_support:/home/youssef/ws_moveit2/install/moveit_resources_prbt_moveit_config:/home/youssef/ws_moveit2/install/moveit_ros_move_group:/home/youssef/ws_moveit2/install/moveit_planners_ompl:/home/youssef/ws_moveit2/install/moveit_ros_planning:/home/youssef/ws_moveit2/install/moveit_ros_occupancy_map_monitor:/home/youssef/ws_moveit2/install/moveit_resources_prbt_ikfast_manipulator_plugin:/home/youssef/ws_moveit2/install/moveit_planners_chomp:/home/youssef/ws_moveit2/install/moveit_kinematics:/home/youssef/ws_moveit2/install/moveit_chomp_optimizer_adapter:/home/youssef/ws_moveit2/install/chomp_motion_planner:/home/youssef/ws_moveit2/install/moveit_core:/home/youssef/ws_moveit2/install/srdfdom:/home/youssef/ws_moveit2/install/rviz_marker_tools:/home/youssef/ws_moveit2/install/rosparam_shortcuts:/home/youssef/ws_moveit2/install/moveit_task_constructor_msgs:/home/youssef/ws_moveit2/install/moveit_resources_prbt_support:/home/youssef/ws_moveit2/install/moveit_resources:/home/youssef/ws_moveit2/install/moveit_resources_pr2_description:/home/youssef/ws_moveit2/install/moveit_resources_panda_moveit_config:/home/youssef/ws_moveit2/install/moveit_resources_panda_description:/home/youssef/ws_moveit2/install/moveit_resources_fanuc_moveit_config:/home/youssef/ws_moveit2/install/moveit_resources_fanuc_description:/home/youssef/ws_moveit2/install/moveit_common:/home/youssef/strawberry_ws/install/motion_planning:/home/youssef/ws_moveit2/install/moveit_configs_utils:/home/youssef/ws_moveit2/install/launch_param_builder:/opt/ros/humble /usr/bin/cmake --build /home/youssef/strawberry_ws/build/moveit_config -- -j6 -l6
[1.612s] DEBUG:colcon.colcon_core.event_handler.log_command:Invoked command in '/home/youssef/strawberry_ws/build/moveit_config' returned '0': CMAKE_PREFIX_PATH=/home/youssef/strawberry_ws/install/myrobot:/home/youssef/strawberry_ws/install/moveit_config:/home/youssef/ws_21_11/install/moveit_config:/home/youssef/ws_21_11/install/Final_ISA_URDF:/home/youssef/isaacsim_ws/install/Assem2_moveit_config:/home/youssef/isaacsim_ws/install/Assem2:/home/youssef/ws_20_11/install/Assem2:/home/youssef/ws_moveit2/install/pilz_industrial_motion_planner_testutils:/home/youssef/ws_moveit2/install/moveit_runtime:/home/youssef/ws_moveit2/install/moveit2_tutorials:/home/youssef/ws_moveit2/install/moveit:/home/youssef/ws_moveit2/install/moveit_planners:/home/youssef/ws_moveit2/install/pilz_industrial_motion_planner:/home/youssef/ws_moveit2/install/moveit_visual_tools:/home/youssef/ws_moveit2/install/moveit_task_constructor_visualization:/home/youssef/ws_moveit2/install/moveit_task_constructor_demo:/home/youssef/ws_moveit2/install/moveit_task_constructor_capabilities:/home/youssef/ws_moveit2/install/moveit_task_constructor_core:/home/youssef/ws_moveit2/install/moveit_ros_control_interface:/home/youssef/ws_moveit2/install/moveit_plugins:/home/youssef/ws_moveit2/install/moveit_simple_controller_manager:/home/youssef/ws_moveit2/install/moveit_setup_assistant:/home/youssef/ws_moveit2/install/moveit_setup_srdf_plugins:/home/youssef/ws_moveit2/install/moveit_setup_core_plugins:/home/youssef/ws_moveit2/install/moveit_setup_controllers:/home/youssef/ws_moveit2/install/moveit_setup_app_plugins:/home/youssef/ws_moveit2/install/moveit_setup_framework:/home/youssef/ws_moveit2/install/moveit_servo:/home/youssef/ws_moveit2/install/moveit_ros:/home/youssef/ws_moveit2/install/moveit_ros_visualization:/home/youssef/ws_moveit2/install/moveit_hybrid_planning:/home/youssef/ws_moveit2/install/moveit_ros_planning_interface:/home/youssef/ws_moveit2/install/moveit_ros_benchmarks:/home/youssef/ws_moveit2/install/moveit_ros_warehouse:/home/youssef/ws_moveit2/install/moveit_ros_robot_interaction:/home/youssef/ws_moveit2/install/moveit_ros_perception:/home/youssef/ws_moveit2/install/moveit_resources_prbt_pg70_support:/home/youssef/ws_moveit2/install/moveit_resources_prbt_moveit_config:/home/youssef/ws_moveit2/install/moveit_ros_move_group:/home/youssef/ws_moveit2/install/moveit_planners_ompl:/home/youssef/ws_moveit2/install/moveit_ros_planning:/home/youssef/ws_moveit2/install/moveit_ros_occupancy_map_monitor:/home/youssef/ws_moveit2/install/moveit_resources_prbt_ikfast_manipulator_plugin:/home/youssef/ws_moveit2/install/moveit_planners_chomp:/home/youssef/ws_moveit2/install/moveit_kinematics:/home/youssef/ws_moveit2/install/moveit_chomp_optimizer_adapter:/home/youssef/ws_moveit2/install/chomp_motion_planner:/home/youssef/ws_moveit2/install/moveit_core:/home/youssef/ws_moveit2/install/srdfdom:/home/youssef/ws_moveit2/install/rviz_marker_tools:/home/youssef/ws_moveit2/install/rosparam_shortcuts:/home/youssef/ws_moveit2/install/moveit_task_constructor_msgs:/home/youssef/ws_moveit2/install/moveit_resources_prbt_support:/home/youssef/ws_moveit2/install/moveit_resources:/home/youssef/ws_moveit2/install/moveit_resources_pr2_description:/home/youssef/ws_moveit2/install/moveit_resources_panda_moveit_config:/home/youssef/ws_moveit2/install/moveit_resources_panda_description:/home/youssef/ws_moveit2/install/moveit_resources_fanuc_moveit_config:/home/youssef/ws_moveit2/install/moveit_resources_fanuc_description:/home/youssef/ws_moveit2/install/moveit_common:/home/youssef/strawberry_ws/install/motion_planning:/home/youssef/ws_moveit2/install/moveit_configs_utils:/home/youssef/ws_moveit2/install/launch_param_builder:/opt/ros/humble /usr/bin/cmake --build /home/youssef/strawberry_ws/build/moveit_config -- -j6 -l6
[1.617s] DEBUG:colcon.colcon_core.event_handler.log_command:Invoking command in '/home/youssef/strawberry_ws/build/moveit_config': CMAKE_PREFIX_PATH=/home/youssef/strawberry_ws/install/myrobot:/home/youssef/strawberry_ws/install/moveit_config:/home/youssef/ws_21_11/install/moveit_config:/home/youssef/ws_21_11/install/Final_ISA_URDF:/home/youssef/isaacsim_ws/install/Assem2_moveit_config:/home/youssef/isaacsim_ws/install/Assem2:/home/youssef/ws_20_11/install/Assem2:/home/youssef/ws_moveit2/install/pilz_industrial_motion_planner_testutils:/home/youssef/ws_moveit2/install/moveit_runtime:/home/youssef/ws_moveit2/install/moveit2_tutorials:/home/youssef/ws_moveit2/install/moveit:/home/youssef/ws_moveit2/install/moveit_planners:/home/youssef/ws_moveit2/install/pilz_industrial_motion_planner:/home/youssef/ws_moveit2/install/moveit_visual_tools:/home/youssef/ws_moveit2/install/moveit_task_constructor_visualization:/home/youssef/ws_moveit2/install/moveit_task_constructor_demo:/home/youssef/ws_moveit2/install/moveit_task_constructor_capabilities:/home/youssef/ws_moveit2/install/moveit_task_constructor_core:/home/youssef/ws_moveit2/install/moveit_ros_control_interface:/home/youssef/ws_moveit2/install/moveit_plugins:/home/youssef/ws_moveit2/install/moveit_simple_controller_manager:/home/youssef/ws_moveit2/install/moveit_setup_assistant:/home/youssef/ws_moveit2/install/moveit_setup_srdf_plugins:/home/youssef/ws_moveit2/install/moveit_setup_core_plugins:/home/youssef/ws_moveit2/install/moveit_setup_controllers:/home/youssef/ws_moveit2/install/moveit_setup_app_plugins:/home/youssef/ws_moveit2/install/moveit_setup_framework:/home/youssef/ws_moveit2/install/moveit_servo:/home/youssef/ws_moveit2/install/moveit_ros:/home/youssef/ws_moveit2/install/moveit_ros_visualization:/home/youssef/ws_moveit2/install/moveit_hybrid_planning:/home/youssef/ws_moveit2/install/moveit_ros_planning_interface:/home/youssef/ws_moveit2/install/moveit_ros_benchmarks:/home/youssef/ws_moveit2/install/moveit_ros_warehouse:/home/youssef/ws_moveit2/install/moveit_ros_robot_interaction:/home/youssef/ws_moveit2/install/moveit_ros_perception:/home/youssef/ws_moveit2/install/moveit_resources_prbt_pg70_support:/home/youssef/ws_moveit2/install/moveit_resources_prbt_moveit_config:/home/youssef/ws_moveit2/install/moveit_ros_move_group:/home/youssef/ws_moveit2/install/moveit_planners_ompl:/home/youssef/ws_moveit2/install/moveit_ros_planning:/home/youssef/ws_moveit2/install/moveit_ros_occupancy_map_monitor:/home/youssef/ws_moveit2/install/moveit_resources_prbt_ikfast_manipulator_plugin:/home/youssef/ws_moveit2/install/moveit_planners_chomp:/home/youssef/ws_moveit2/install/moveit_kinematics:/home/youssef/ws_moveit2/install/moveit_chomp_optimizer_adapter:/home/youssef/ws_moveit2/install/chomp_motion_planner:/home/youssef/ws_moveit2/install/moveit_core:/home/youssef/ws_moveit2/install/srdfdom:/home/youssef/ws_moveit2/install/rviz_marker_tools:/home/youssef/ws_moveit2/install/rosparam_shortcuts:/home/youssef/ws_moveit2/install/moveit_task_constructor_msgs:/home/youssef/ws_moveit2/install/moveit_resources_prbt_support:/home/youssef/ws_moveit2/install/moveit_resources:/home/youssef/ws_moveit2/install/moveit_resources_pr2_description:/home/youssef/ws_moveit2/install/moveit_resources_panda_moveit_config:/home/youssef/ws_moveit2/install/moveit_resources_panda_description:/home/youssef/ws_moveit2/install/moveit_resources_fanuc_moveit_config:/home/youssef/ws_moveit2/install/moveit_resources_fanuc_description:/home/youssef/ws_moveit2/install/moveit_common:/home/youssef/strawberry_ws/install/motion_planning:/home/youssef/ws_moveit2/install/moveit_configs_utils:/home/youssef/ws_moveit2/install/launch_param_builder:/opt/ros/humble /usr/bin/cmake --install /home/youssef/strawberry_ws/build/moveit_config
[1.646s] Level 1:colcon.colcon_core.environment:create_environment_scripts_only(moveit_config)
[1.648s] Level 1:colcon.colcon_core.environment:checking '/home/youssef/strawberry_ws/install/moveit_config' for CMake module files
[1.649s] DEBUG:colcon.colcon_core.event_handler.log_command:Invoked command in '/home/youssef/strawberry_ws/build/moveit_config' returned '0': CMAKE_PREFIX_PATH=/home/youssef/strawberry_ws/install/myrobot:/home/youssef/strawberry_ws/install/moveit_config:/home/youssef/ws_21_11/install/moveit_config:/home/youssef/ws_21_11/install/Final_ISA_URDF:/home/youssef/isaacsim_ws/install/Assem2_moveit_config:/home/youssef/isaacsim_ws/install/Assem2:/home/youssef/ws_20_11/install/Assem2:/home/youssef/ws_moveit2/install/pilz_industrial_motion_planner_testutils:/home/youssef/ws_moveit2/install/moveit_runtime:/home/youssef/ws_moveit2/install/moveit2_tutorials:/home/youssef/ws_moveit2/install/moveit:/home/youssef/ws_moveit2/install/moveit_planners:/home/youssef/ws_moveit2/install/pilz_industrial_motion_planner:/home/youssef/ws_moveit2/install/moveit_visual_tools:/home/youssef/ws_moveit2/install/moveit_task_constructor_visualization:/home/youssef/ws_moveit2/install/moveit_task_constructor_demo:/home/youssef/ws_moveit2/install/moveit_task_constructor_capabilities:/home/youssef/ws_moveit2/install/moveit_task_constructor_core:/home/youssef/ws_moveit2/install/moveit_ros_control_interface:/home/youssef/ws_moveit2/install/moveit_plugins:/home/youssef/ws_moveit2/install/moveit_simple_controller_manager:/home/youssef/ws_moveit2/install/moveit_setup_assistant:/home/youssef/ws_moveit2/install/moveit_setup_srdf_plugins:/home/youssef/ws_moveit2/install/moveit_setup_core_plugins:/home/youssef/ws_moveit2/install/moveit_setup_controllers:/home/youssef/ws_moveit2/install/moveit_setup_app_plugins:/home/youssef/ws_moveit2/install/moveit_setup_framework:/home/youssef/ws_moveit2/install/moveit_servo:/home/youssef/ws_moveit2/install/moveit_ros:/home/youssef/ws_moveit2/install/moveit_ros_visualization:/home/youssef/ws_moveit2/install/moveit_hybrid_planning:/home/youssef/ws_moveit2/install/moveit_ros_planning_interface:/home/youssef/ws_moveit2/install/moveit_ros_benchmarks:/home/youssef/ws_moveit2/install/moveit_ros_warehouse:/home/youssef/ws_moveit2/install/moveit_ros_robot_interaction:/home/youssef/ws_moveit2/install/moveit_ros_perception:/home/youssef/ws_moveit2/install/moveit_resources_prbt_pg70_support:/home/youssef/ws_moveit2/install/moveit_resources_prbt_moveit_config:/home/youssef/ws_moveit2/install/moveit_ros_move_group:/home/youssef/ws_moveit2/install/moveit_planners_ompl:/home/youssef/ws_moveit2/install/moveit_ros_planning:/home/youssef/ws_moveit2/install/moveit_ros_occupancy_map_monitor:/home/youssef/ws_moveit2/install/moveit_resources_prbt_ikfast_manipulator_plugin:/home/youssef/ws_moveit2/install/moveit_planners_chomp:/home/youssef/ws_moveit2/install/moveit_kinematics:/home/youssef/ws_moveit2/install/moveit_chomp_optimizer_adapter:/home/youssef/ws_moveit2/install/chomp_motion_planner:/home/youssef/ws_moveit2/install/moveit_core:/home/youssef/ws_moveit2/install/srdfdom:/home/youssef/ws_moveit2/install/rviz_marker_tools:/home/youssef/ws_moveit2/install/rosparam_shortcuts:/home/youssef/ws_moveit2/install/moveit_task_constructor_msgs:/home/youssef/ws_moveit2/install/moveit_resources_prbt_support:/home/youssef/ws_moveit2/install/moveit_resources:/home/youssef/ws_moveit2/install/moveit_resources_pr2_description:/home/youssef/ws_moveit2/install/moveit_resources_panda_moveit_config:/home/youssef/ws_moveit2/install/moveit_resources_panda_description:/home/youssef/ws_moveit2/install/moveit_resources_fanuc_moveit_config:/home/youssef/ws_moveit2/install/moveit_resources_fanuc_description:/home/youssef/ws_moveit2/install/moveit_common:/home/youssef/strawberry_ws/install/motion_planning:/home/youssef/ws_moveit2/install/moveit_configs_utils:/home/youssef/ws_moveit2/install/launch_param_builder:/opt/ros/humble /usr/bin/cmake --install /home/youssef/strawberry_ws/build/moveit_config
[1.649s] Level 1:colcon.colcon_core.environment:checking '/home/youssef/strawberry_ws/install/moveit_config' for CMake config files
[1.650s] Level 1:colcon.colcon_core.shell:create_environment_hook('moveit_config', 'cmake_prefix_path')
[1.650s] INFO:colcon.colcon_core.shell:Creating environment hook '/home/youssef/strawberry_ws/install/moveit_config/share/moveit_config/hook/cmake_prefix_path.ps1'
[1.651s] INFO:colcon.colcon_core.shell:Creating environment descriptor '/home/youssef/strawberry_ws/install/moveit_config/share/moveit_config/hook/cmake_prefix_path.dsv'
[1.652s] INFO:colcon.colcon_core.shell:Creating environment hook '/home/youssef/strawberry_ws/install/moveit_config/share/moveit_config/hook/cmake_prefix_path.sh'
[1.653s] Level 1:colcon.colcon_core.environment:checking '/home/youssef/strawberry_ws/install/moveit_config/bin'
[1.653s] Level 1:colcon.colcon_core.environment:checking '/home/youssef/strawberry_ws/install/moveit_config/lib/pkgconfig/moveit_config.pc'
[1.653s] Level 1:colcon.colcon_core.environment:checking '/home/youssef/strawberry_ws/install/moveit_config/lib/python3.10/site-packages'
[1.654s] Level 1:colcon.colcon_core.environment:checking '/home/youssef/strawberry_ws/install/moveit_config/bin'
[1.655s] INFO:colcon.colcon_core.shell:Creating package script '/home/youssef/strawberry_ws/install/moveit_config/share/moveit_config/package.ps1'
[1.655s] INFO:colcon.colcon_core.shell:Creating package descriptor '/home/youssef/strawberry_ws/install/moveit_config/share/moveit_config/package.dsv'
[1.656s] INFO:colcon.colcon_core.shell:Creating package script '/home/youssef/strawberry_ws/install/moveit_config/share/moveit_config/package.sh'
[1.657s] INFO:colcon.colcon_core.shell:Creating package script '/home/youssef/strawberry_ws/install/moveit_config/share/moveit_config/package.bash'
[1.657s] INFO:colcon.colcon_core.shell:Creating package script '/home/youssef/strawberry_ws/install/moveit_config/share/moveit_config/package.zsh'
[1.658s] Level 1:colcon.colcon_core.environment:create_file_with_runtime_dependencies(/home/youssef/strawberry_ws/install/moveit_config/share/colcon-core/packages/moveit_config)
[1.659s] Level 1:colcon.colcon_core.environment:create_environment_scripts_only(moveit_config)
[1.659s] Level 1:colcon.colcon_core.environment:checking '/home/youssef/strawberry_ws/install/moveit_config' for CMake module files
[1.660s] Level 1:colcon.colcon_core.environment:checking '/home/youssef/strawberry_ws/install/moveit_config' for CMake config files
[1.660s] Level 1:colcon.colcon_core.shell:create_environment_hook('moveit_config', 'cmake_prefix_path')
[1.660s] INFO:colcon.colcon_core.shell:Creating environment hook '/home/youssef/strawberry_ws/install/moveit_config/share/moveit_config/hook/cmake_prefix_path.ps1'
[1.661s] INFO:colcon.colcon_core.shell:Creating environment descriptor '/home/youssef/strawberry_ws/install/moveit_config/share/moveit_config/hook/cmake_prefix_path.dsv'
[1.662s] INFO:colcon.colcon_core.shell:Creating environment hook '/home/youssef/strawberry_ws/install/moveit_config/share/moveit_config/hook/cmake_prefix_path.sh'
[1.663s] Level 1:colcon.colcon_core.environment:checking '/home/youssef/strawberry_ws/install/moveit_config/bin'
[1.663s] Level 1:colcon.colcon_core.environment:checking '/home/youssef/strawberry_ws/install/moveit_config/lib/pkgconfig/moveit_config.pc'
[1.663s] Level 1:colcon.colcon_core.environment:checking '/home/youssef/strawberry_ws/install/moveit_config/lib/python3.10/site-packages'
[1.664s] Level 1:colcon.colcon_core.environment:checking '/home/youssef/strawberry_ws/install/moveit_config/bin'
[1.664s] INFO:colcon.colcon_core.shell:Creating package script '/home/youssef/strawberry_ws/install/moveit_config/share/moveit_config/package.ps1'
[1.666s] INFO:colcon.colcon_core.shell:Creating package descriptor '/home/youssef/strawberry_ws/install/moveit_config/share/moveit_config/package.dsv'
[1.667s] INFO:colcon.colcon_core.shell:Creating package script '/home/youssef/strawberry_ws/install/moveit_config/share/moveit_config/package.sh'
[1.668s] INFO:colcon.colcon_core.shell:Creating package script '/home/youssef/strawberry_ws/install/moveit_config/share/moveit_config/package.bash'
[1.669s] INFO:colcon.colcon_core.shell:Creating package script '/home/youssef/strawberry_ws/install/moveit_config/share/moveit_config/package.zsh'
[1.670s] Level 1:colcon.colcon_core.environment:create_file_with_runtime_dependencies(/home/youssef/strawberry_ws/install/moveit_config/share/colcon-core/packages/moveit_config)
[1.962s] DEBUG:colcon.colcon_core.event_handler.log_command:Invoking command in '/home/youssef/strawberry_ws/src/motion_planning': PYTHONPATH=/home/youssef/strawberry_ws/build/motion_planning/prefix_override:/usr/lib/python3/dist-packages/colcon_core/task/python/colcon_distutils_commands:/home/youssef/strawberry_ws/install/motion_planning/lib/python3.10/site-packages:${PYTHONPATH} /usr/bin/python3 -W ignore:setup.py install is deprecated -W ignore:easy_install command is deprecated setup.py egg_info --egg-base ../../build/motion_planning build --build-base /home/youssef/strawberry_ws/build/motion_planning/build install --record /home/youssef/strawberry_ws/build/motion_planning/install.log --single-version-externally-managed install_data
[2.539s] Level 1:colcon.colcon_core.environment:checking '/home/youssef/strawberry_ws/install/motion_planning' for CMake module files
[2.540s] DEBUG:colcon.colcon_core.event_handler.log_command:Invoked command in '/home/youssef/strawberry_ws/src/motion_planning' returned '0': PYTHONPATH=/home/youssef/strawberry_ws/build/motion_planning/prefix_override:/usr/lib/python3/dist-packages/colcon_core/task/python/colcon_distutils_commands:/home/youssef/strawberry_ws/install/motion_planning/lib/python3.10/site-packages:${PYTHONPATH} /usr/bin/python3 -W ignore:setup.py install is deprecated -W ignore:easy_install command is deprecated setup.py egg_info --egg-base ../../build/motion_planning build --build-base /home/youssef/strawberry_ws/build/motion_planning/build install --record /home/youssef/strawberry_ws/build/motion_planning/install.log --single-version-externally-managed install_data
[2.541s] Level 1:colcon.colcon_core.environment:checking '/home/youssef/strawberry_ws/install/motion_planning' for CMake config files
[2.541s] Level 1:colcon.colcon_core.environment:checking '/home/youssef/strawberry_ws/install/motion_planning/lib'
[2.542s] Level 1:colcon.colcon_core.environment:checking '/home/youssef/strawberry_ws/install/motion_planning/bin'
[2.542s] Level 1:colcon.colcon_core.environment:checking '/home/youssef/strawberry_ws/install/motion_planning/lib/pkgconfig/motion_planning.pc'
[2.542s] Level 1:colcon.colcon_core.environment:checking '/home/youssef/strawberry_ws/install/motion_planning/lib/python3.10/site-packages'
[2.542s] Level 1:colcon.colcon_core.shell:create_environment_hook('motion_planning', 'pythonpath')
[2.543s] INFO:colcon.colcon_core.shell:Creating environment hook '/home/youssef/strawberry_ws/install/motion_planning/share/motion_planning/hook/pythonpath.ps1'
[2.544s] INFO:colcon.colcon_core.shell:Creating environment descriptor '/home/youssef/strawberry_ws/install/motion_planning/share/motion_planning/hook/pythonpath.dsv'
[2.544s] INFO:colcon.colcon_core.shell:Creating environment hook '/home/youssef/strawberry_ws/install/motion_planning/share/motion_planning/hook/pythonpath.sh'
[2.546s] Level 1:colcon.colcon_core.environment:checking '/home/youssef/strawberry_ws/install/motion_planning/bin'
[2.546s] Level 1:colcon.colcon_core.environment:create_environment_scripts_only(motion_planning)
[2.547s] INFO:colcon.colcon_core.shell:Creating package script '/home/youssef/strawberry_ws/install/motion_planning/share/motion_planning/package.ps1'
[2.548s] INFO:colcon.colcon_core.shell:Creating package descriptor '/home/youssef/strawberry_ws/install/motion_planning/share/motion_planning/package.dsv'
[2.549s] INFO:colcon.colcon_core.shell:Creating package script '/home/youssef/strawberry_ws/install/motion_planning/share/motion_planning/package.sh'
[2.549s] INFO:colcon.colcon_core.shell:Creating package script '/home/youssef/strawberry_ws/install/motion_planning/share/motion_planning/package.bash'
[2.550s] INFO:colcon.colcon_core.shell:Creating package script '/home/youssef/strawberry_ws/install/motion_planning/share/motion_planning/package.zsh'
[2.551s] Level 1:colcon.colcon_core.environment:create_file_with_runtime_dependencies(/home/youssef/strawberry_ws/install/motion_planning/share/colcon-core/packages/motion_planning)
[2.551s] DEBUG:colcon.colcon_parallel_executor.executor.parallel:closing loop
[2.552s] DEBUG:colcon.colcon_parallel_executor.executor.parallel:loop closed
[2.552s] DEBUG:colcon.colcon_parallel_executor.executor.parallel:run_until_complete finished with '0'
[2.553s] DEBUG:colcon.colcon_core.event_reactor:joining thread
[2.737s] INFO:colcon.colcon_core.plugin_system:Skipping extension 'colcon_notification.desktop_notification.notify_send': Could not find 'notify-send'
[2.738s] INFO:colcon.colcon_core.plugin_system:Skipping extension 'colcon_notification.desktop_notification.terminal_notifier': Not used on non-Darwin systems
[2.738s] INFO:colcon.colcon_core.plugin_system:Skipping extension 'colcon_notification.desktop_notification.win32': Not used on non-Windows systems
[2.738s] INFO:colcon.colcon_notification.desktop_notification:Sending desktop notification using 'notify2'
[2.738s] DEBUG:colcon.colcon_notification.desktop_notification.notify2:Failed to initialize notify2: org.freedesktop.DBus.Error.FileNotFound: Failed to connect to socket /run/user/1000/bus: No such file or directory
[2.738s] DEBUG:colcon.colcon_core.event_reactor:joined thread
[2.739s] INFO:colcon.colcon_core.shell:Creating prefix script '/home/youssef/strawberry_ws/install/local_setup.ps1'
[2.741s] INFO:colcon.colcon_core.shell:Creating prefix util module '/home/youssef/strawberry_ws/install/_local_setup_util_ps1.py'
[2.744s] INFO:colcon.colcon_core.shell:Creating prefix chain script '/home/youssef/strawberry_ws/install/setup.ps1'
[2.750s] INFO:colcon.colcon_core.shell:Creating prefix script '/home/youssef/strawberry_ws/install/local_setup.sh'
[2.751s] INFO:colcon.colcon_core.shell:Creating prefix util module '/home/youssef/strawberry_ws/install/_local_setup_util_sh.py'
[2.752s] INFO:colcon.colcon_core.shell:Creating prefix chain script '/home/youssef/strawberry_ws/install/setup.sh'
[2.757s] INFO:colcon.colcon_core.shell:Creating prefix script '/home/youssef/strawberry_ws/install/local_setup.bash'
[2.758s] INFO:colcon.colcon_core.shell:Creating prefix chain script '/home/youssef/strawberry_ws/install/setup.bash'
[2.764s] INFO:colcon.colcon_core.shell:Creating prefix script '/home/youssef/strawberry_ws/install/local_setup.zsh'
[2.765s] INFO:colcon.colcon_core.shell:Creating prefix chain script '/home/youssef/strawberry_ws/install/setup.zsh'
