[0.057s] Invoking command in '/home/youssef/strawberry_ws/build/myrobot': CMAKE_PREFIX_PATH=${CMAKE_PREFIX_PATH}:/home/youssef/strawberry_ws/install/motion_planning:/home/youssef/ws_moveit2/install/moveit_configs_utils:/home/youssef/ws_moveit2/install/launch_param_builder:/opt/ros/humble /usr/bin/cmake --build /home/youssef/strawberry_ws/build/myrobot -- -j6 -l6
[0.557s] Invoked command in '/home/youssef/strawberry_ws/build/myrobot' returned '0': CMAKE_PREFIX_PATH=${CMAKE_PREFIX_PATH}:/home/youssef/strawberry_ws/install/motion_planning:/home/youssef/ws_moveit2/install/moveit_configs_utils:/home/youssef/ws_moveit2/install/launch_param_builder:/opt/ros/humble /usr/bin/cmake --build /home/youssef/strawberry_ws/build/myrobot -- -j6 -l6
[0.584s] Invoking command in '/home/youssef/strawberry_ws/build/myrobot': CMAKE_PREFIX_PATH=${CMAKE_PREFIX_PATH}:/home/youssef/strawberry_ws/install/motion_planning:/home/youssef/ws_moveit2/install/moveit_configs_utils:/home/youssef/ws_moveit2/install/launch_param_builder:/opt/ros/humble /usr/bin/cmake --install /home/youssef/strawberry_ws/build/myrobot
[0.604s] -- Install configuration: ""
[0.604s] -- Up-to-date: /home/youssef/strawberry_ws/install/myrobot/share/myrobot/meshes
[0.604s] -- Up-to-date: /home/youssef/strawberry_ws/install/myrobot/share/myrobot/meshes/Link1.STL
[0.605s] -- Up-to-date: /home/youssef/strawberry_ws/install/myrobot/share/myrobot/meshes/Link3.STL:Zone.Identifier
[0.605s] -- Up-to-date: /home/youssef/strawberry_ws/install/myrobot/share/myrobot/meshes/Link3.STL
[0.605s] -- Up-to-date: /home/youssef/strawberry_ws/install/myrobot/share/myrobot/meshes/Link2.STL:Zone.Identifier
[0.605s] -- Up-to-date: /home/youssef/strawberry_ws/install/myrobot/share/myrobot/meshes/Link4.STL:Zone.Identifier
[0.605s] -- Up-to-date: /home/youssef/strawberry_ws/install/myrobot/share/myrobot/meshes/base_link.STL
[0.606s] -- Up-to-date: /home/youssef/strawberry_ws/install/myrobot/share/myrobot/meshes/Link5.STL
[0.606s] -- Up-to-date: /home/youssef/strawberry_ws/install/myrobot/share/myrobot/meshes/Link4.STL
[0.606s] -- Up-to-date: /home/youssef/strawberry_ws/install/myrobot/share/myrobot/meshes/Link6.STL:Zone.Identifier
[0.606s] -- Up-to-date: /home/youssef/strawberry_ws/install/myrobot/share/myrobot/meshes/Link2.STL
[0.606s] -- Up-to-date: /home/youssef/strawberry_ws/install/myrobot/share/myrobot/meshes/base_link.STL:Zone.Identifier
[0.607s] -- Up-to-date: /home/youssef/strawberry_ws/install/myrobot/share/myrobot/meshes/Link5.STL:Zone.Identifier
[0.607s] -- Up-to-date: /home/youssef/strawberry_ws/install/myrobot/share/myrobot/meshes/Link1.STL:Zone.Identifier
[0.607s] -- Up-to-date: /home/youssef/strawberry_ws/install/myrobot/share/myrobot/meshes/Link6.STL
[0.607s] -- Up-to-date: /home/youssef/strawberry_ws/install/myrobot/share/myrobot/urdf
[0.608s] -- Up-to-date: /home/youssef/strawberry_ws/install/myrobot/share/myrobot/urdf/Final_ISA_URDF.csv
[0.608s] -- Up-to-date: /home/youssef/strawberry_ws/install/myrobot/share/myrobot/urdf/Final_ISA_URDF.urdf
[0.609s] -- Up-to-date: /home/youssef/strawberry_ws/install/myrobot/share/myrobot/urdf/Final_ISA_URDF.urdf:Zone.Identifier
[0.609s] -- Up-to-date: /home/youssef/strawberry_ws/install/myrobot/share/myrobot/urdf/Final_ISA_URDF.csv:Zone.Identifier
[0.610s] -- Up-to-date: /home/youssef/strawberry_ws/install/myrobot/share/ament_index/resource_index/package_run_dependencies/myrobot
[0.610s] -- Up-to-date: /home/youssef/strawberry_ws/install/myrobot/share/ament_index/resource_index/parent_prefix_path/myrobot
[0.611s] -- Up-to-date: /home/youssef/strawberry_ws/install/myrobot/share/myrobot/environment/ament_prefix_path.sh
[0.611s] -- Up-to-date: /home/youssef/strawberry_ws/install/myrobot/share/myrobot/environment/ament_prefix_path.dsv
[0.612s] -- Up-to-date: /home/youssef/strawberry_ws/install/myrobot/share/myrobot/environment/path.sh
[0.612s] -- Up-to-date: /home/youssef/strawberry_ws/install/myrobot/share/myrobot/environment/path.dsv
[0.612s] -- Up-to-date: /home/youssef/strawberry_ws/install/myrobot/share/myrobot/local_setup.bash
[0.612s] -- Up-to-date: /home/youssef/strawberry_ws/install/myrobot/share/myrobot/local_setup.sh
[0.613s] -- Up-to-date: /home/youssef/strawberry_ws/install/myrobot/share/myrobot/local_setup.zsh
[0.615s] -- Up-to-date: /home/youssef/strawberry_ws/install/myrobot/share/myrobot/local_setup.dsv
[0.615s] -- Installing: /home/youssef/strawberry_ws/install/myrobot/share/myrobot/package.dsv
[0.615s] -- Up-to-date: /home/youssef/strawberry_ws/install/myrobot/share/ament_index/resource_index/packages/myrobot
[0.615s] -- Up-to-date: /home/youssef/strawberry_ws/install/myrobot/share/myrobot/cmake/myrobotConfig.cmake
[0.615s] -- Up-to-date: /home/youssef/strawberry_ws/install/myrobot/share/myrobot/cmake/myrobotConfig-version.cmake
[0.616s] -- Up-to-date: /home/youssef/strawberry_ws/install/myrobot/share/myrobot/package.xml
[0.616s] Invoked command in '/home/youssef/strawberry_ws/build/myrobot' returned '0': CMAKE_PREFIX_PATH=${CMAKE_PREFIX_PATH}:/home/youssef/strawberry_ws/install/motion_planning:/home/youssef/ws_moveit2/install/moveit_configs_utils:/home/youssef/ws_moveit2/install/launch_param_builder:/opt/ros/humble /usr/bin/cmake --install /home/youssef/strawberry_ws/build/myrobot
