[1.678s] Invoking command in '/home/youssef/strawberry_ws/src/motion_planning': PYTHONPATH=/home/youssef/strawberry_ws/build/motion_planning/prefix_override:/usr/lib/python3/dist-packages/colcon_core/task/python/colcon_distutils_commands:/home/youssef/strawberry_ws/install/motion_planning/lib/python3.10/site-packages:${PYTHONPATH} /usr/bin/python3 -W ignore:setup.py install is deprecated -W ignore:easy_install command is deprecated setup.py egg_info --egg-base ../../build/motion_planning build --build-base /home/youssef/strawberry_ws/build/motion_planning/build install --record /home/youssef/strawberry_ws/build/motion_planning/install.log --single-version-externally-managed install_data
[2.160s] running egg_info
[2.161s] creating ../../build/motion_planning/motion_planning.egg-info
[2.162s] writing ../../build/motion_planning/motion_planning.egg-info/PKG-INFO
[2.163s] writing dependency_links to ../../build/motion_planning/motion_planning.egg-info/dependency_links.txt
[2.163s] writing entry points to ../../build/motion_planning/motion_planning.egg-info/entry_points.txt
[2.163s] writing requirements to ../../build/motion_planning/motion_planning.egg-info/requires.txt
[2.163s] writing top-level names to ../../build/motion_planning/motion_planning.egg-info/top_level.txt
[2.164s] writing manifest file '../../build/motion_planning/motion_planning.egg-info/SOURCES.txt'
[2.167s] reading manifest file '../../build/motion_planning/motion_planning.egg-info/SOURCES.txt'
[2.168s] writing manifest file '../../build/motion_planning/motion_planning.egg-info/SOURCES.txt'
[2.169s] running build
[2.169s] running build_py
[2.169s] creating /home/youssef/strawberry_ws/build/motion_planning/build
[2.170s] creating /home/youssef/strawberry_ws/build/motion_planning/build/lib
[2.170s] creating /home/youssef/strawberry_ws/build/motion_planning/build/lib/motion_planning
[2.171s] copying motion_planning/__init__.py -> /home/youssef/strawberry_ws/build/motion_planning/build/lib/motion_planning
[2.171s] running install
[2.172s] running install_lib
[2.173s] creating /home/youssef/strawberry_ws/install/motion_planning/lib/python3.10/site-packages/motion_planning
[2.181s] copying /home/youssef/strawberry_ws/build/motion_planning/build/lib/motion_planning/__init__.py -> /home/youssef/strawberry_ws/install/motion_planning/lib/python3.10/site-packages/motion_planning
[2.183s] byte-compiling /home/youssef/strawberry_ws/install/motion_planning/lib/python3.10/site-packages/motion_planning/__init__.py to __init__.cpython-310.pyc
[2.184s] running install_data
[2.184s] creating /home/youssef/strawberry_ws/install/motion_planning/share/ament_index
[2.184s] creating /home/youssef/strawberry_ws/install/motion_planning/share/ament_index/resource_index
[2.185s] creating /home/youssef/strawberry_ws/install/motion_planning/share/ament_index/resource_index/packages
[2.186s] copying resource/motion_planning -> /home/youssef/strawberry_ws/install/motion_planning/share/ament_index/resource_index/packages
[2.186s] copying package.xml -> /home/youssef/strawberry_ws/install/motion_planning/share/motion_planning
[2.186s] running install_egg_info
[2.190s] Copying ../../build/motion_planning/motion_planning.egg-info to /home/youssef/strawberry_ws/install/motion_planning/lib/python3.10/site-packages/motion_planning-0.0.0-py3.10.egg-info
[2.192s] running install_scripts
[2.239s] writing list of installed files to '/home/youssef/strawberry_ws/build/motion_planning/install.log'
[2.286s] Invoked command in '/home/youssef/strawberry_ws/src/motion_planning' returned '0': PYTHONPATH=/home/youssef/strawberry_ws/build/motion_planning/prefix_override:/usr/lib/python3/dist-packages/colcon_core/task/python/colcon_distutils_commands:/home/youssef/strawberry_ws/install/motion_planning/lib/python3.10/site-packages:${PYTHONPATH} /usr/bin/python3 -W ignore:setup.py install is deprecated -W ignore:easy_install command is deprecated setup.py egg_info --egg-base ../../build/motion_planning build --build-base /home/youssef/strawberry_ws/build/motion_planning/build install --record /home/youssef/strawberry_ws/build/motion_planning/install.log --single-version-externally-managed install_data
