[1.414s] Invoking command in '/home/youssef/strawberry_ws/src/motion_planning': PYTHONPATH=/home/youssef/strawberry_ws/build/motion_planning/prefix_override:/usr/lib/python3/dist-packages/colcon_core/task/python/colcon_distutils_commands:/home/youssef/strawberry_ws/install/motion_planning/lib/python3.10/site-packages:${PYTHONPATH} /usr/bin/python3 -W ignore:setup.py install is deprecated -W ignore:easy_install command is deprecated setup.py egg_info --egg-base ../../build/motion_planning build --build-base /home/youssef/strawberry_ws/build/motion_planning/build install --record /home/youssef/strawberry_ws/build/motion_planning/install.log --single-version-externally-managed install_data
[1.900s] running egg_info
[1.902s] writing ../../build/motion_planning/motion_planning.egg-info/PKG-INFO
[1.902s] writing dependency_links to ../../build/motion_planning/motion_planning.egg-info/dependency_links.txt
[1.903s] writing entry points to ../../build/motion_planning/motion_planning.egg-info/entry_points.txt
[1.903s] writing requirements to ../../build/motion_planning/motion_planning.egg-info/requires.txt
[1.904s] writing top-level names to ../../build/motion_planning/motion_planning.egg-info/top_level.txt
[1.908s] reading manifest file '../../build/motion_planning/motion_planning.egg-info/SOURCES.txt'
[1.910s] writing manifest file '../../build/motion_planning/motion_planning.egg-info/SOURCES.txt'
[1.910s] running build
[1.910s] running build_py
[1.911s] running install
[1.912s] running install_lib
[1.915s] running install_data
[1.915s] running install_egg_info
[1.918s] removing '/home/youssef/strawberry_ws/install/motion_planning/lib/python3.10/site-packages/motion_planning-0.0.0-py3.10.egg-info' (and everything under it)
[1.919s] Copying ../../build/motion_planning/motion_planning.egg-info to /home/youssef/strawberry_ws/install/motion_planning/lib/python3.10/site-packages/motion_planning-0.0.0-py3.10.egg-info
[1.921s] running install_scripts
[1.965s] Installing motion_planner script to /home/youssef/strawberry_ws/install/motion_planning/lib/motion_planning
[1.966s] writing list of installed files to '/home/youssef/strawberry_ws/build/motion_planning/install.log'
[2.013s] Invoked command in '/home/youssef/strawberry_ws/src/motion_planning' returned '0': PYTHONPATH=/home/youssef/strawberry_ws/build/motion_planning/prefix_override:/usr/lib/python3/dist-packages/colcon_core/task/python/colcon_distutils_commands:/home/youssef/strawberry_ws/install/motion_planning/lib/python3.10/site-packages:${PYTHONPATH} /usr/bin/python3 -W ignore:setup.py install is deprecated -W ignore:easy_install command is deprecated setup.py egg_info --egg-base ../../build/motion_planning build --build-base /home/youssef/strawberry_ws/build/motion_planning/build install --record /home/youssef/strawberry_ws/build/motion_planning/install.log --single-version-externally-managed install_data
