[1.559s] Invoking command in '/home/youssef/strawberry_ws/src/motion_planning': PYTHONPATH=/home/youssef/strawberry_ws/build/motion_planning/prefix_override:/usr/lib/python3/dist-packages/colcon_core/task/python/colcon_distutils_commands:/home/youssef/strawberry_ws/install/motion_planning/lib/python3.10/site-packages:${PYTHONPATH} /usr/bin/python3 -W ignore:setup.py install is deprecated -W ignore:easy_install command is deprecated setup.py egg_info --egg-base ../../build/motion_planning build --build-base /home/youssef/strawberry_ws/build/motion_planning/build install --record /home/youssef/strawberry_ws/build/motion_planning/install.log --single-version-externally-managed install_data
[2.045s] running egg_info
[2.046s] writing ../../build/motion_planning/motion_planning.egg-info/PKG-INFO
[2.046s] writing dependency_links to ../../build/motion_planning/motion_planning.egg-info/dependency_links.txt
[2.046s] writing entry points to ../../build/motion_planning/motion_planning.egg-info/entry_points.txt
[2.047s] writing requirements to ../../build/motion_planning/motion_planning.egg-info/requires.txt
[2.047s] writing top-level names to ../../build/motion_planning/motion_planning.egg-info/top_level.txt
[2.050s] reading manifest file '../../build/motion_planning/motion_planning.egg-info/SOURCES.txt'
[2.051s] writing manifest file '../../build/motion_planning/motion_planning.egg-info/SOURCES.txt'
[2.052s] running build
[2.052s] running build_py
[2.052s] running install
[2.053s] running install_lib
[2.055s] running install_data
[2.055s] running install_egg_info
[2.058s] removing '/home/youssef/strawberry_ws/install/motion_planning/lib/python3.10/site-packages/motion_planning-0.0.0-py3.10.egg-info' (and everything under it)
[2.059s] Copying ../../build/motion_planning/motion_planning.egg-info to /home/youssef/strawberry_ws/install/motion_planning/lib/python3.10/site-packages/motion_planning-0.0.0-py3.10.egg-info
[2.061s] running install_scripts
[2.105s] Installing motion_planner script to /home/youssef/strawberry_ws/install/motion_planning/lib/motion_planning
[2.106s] writing list of installed files to '/home/youssef/strawberry_ws/build/motion_planning/install.log'
[2.157s] Invoked command in '/home/youssef/strawberry_ws/src/motion_planning' returned '0': PYTHONPATH=/home/youssef/strawberry_ws/build/motion_planning/prefix_override:/usr/lib/python3/dist-packages/colcon_core/task/python/colcon_distutils_commands:/home/youssef/strawberry_ws/install/motion_planning/lib/python3.10/site-packages:${PYTHONPATH} /usr/bin/python3 -W ignore:setup.py install is deprecated -W ignore:easy_install command is deprecated setup.py egg_info --egg-base ../../build/motion_planning build --build-base /home/youssef/strawberry_ws/build/motion_planning/build install --record /home/youssef/strawberry_ws/build/motion_planning/install.log --single-version-externally-managed install_data
